#
# There is insufficient memory for the Java Runtime Environment to continue.
# Native memory allocation (malloc) failed to allocate 929136 bytes for Chunk::new
# Possible reasons:
#   The system is out of physical RAM or swap space
#   The process is running with CompressedOops enabled, and the Java Heap may be blocking the growth of the native heap
# Possible solutions:
#   Reduce memory load on the system
#   Increase physical memory or swap space
#   Check if swap backing store is full
#   Decrease Java heap size (-Xmx/-Xms)
#   Decrease number of Java threads
#   Decrease Java thread stack sizes (-Xss)
#   Set larger code cache with -XX:ReservedCodeCacheSize=
#   JVM is running with Unscaled Compressed Oops mode in which the Java heap is
#     placed in the first 4GB address space. The Java Heap base address is the
#     maximum limit for the native heap growth. Please use -XX:HeapBaseMinAddress
#     to set the Java Heap base and to place the Java Heap above 4GB virtual address.
# This output file may be truncated or incomplete.
#
#  Out of Memory Error (src/hotspot/share/memory/arena.cpp:197), pid=8108, tid=6832
#
# JRE version: OpenJDK Runtime Environment (11.0.15) (build 11.0.15+0-b2043.56-9505619)
# Java VM: OpenJDK 64-Bit Server VM (11.0.15+0-b2043.56-9505619, mixed mode, tiered, compressed oops, g1 gc, windows-amd64)
# No core dump will be written. Minidumps are not enabled by default on client versions of Windows
#

---------------  S U M M A R Y ------------

Command Line: --add-opens=java.base/java.util=ALL-UNNAMED --add-opens=java.base/java.lang=ALL-UNNAMED --add-opens=java.base/java.lang.invoke=ALL-UNNAMED --add-opens=java.base/java.util=ALL-UNNAMED --add-opens=java.prefs/java.util.prefs=ALL-UNNAMED --add-opens=java.prefs/java.util.prefs=ALL-UNNAMED --add-opens=java.base/java.nio.charset=ALL-UNNAMED --add-opens=java.base/java.net=ALL-UNNAMED --add-opens=java.base/java.util.concurrent.atomic=ALL-UNNAMED -Xmx2048m -Dfile.encoding=UTF-8 -Duser.country=RU -Duser.language=ru -Duser.variant org.gradle.launcher.daemon.bootstrap.GradleDaemon 7.5

Host: AMD Athlon 300U with Radeon Vega Mobile Gfx    , 4 cores, 3G,  Windows 11 , 64 bit Build 22000 (10.0.22000.1516)
Time: Wed Mar 29 14:15:14 2023  Windows 11 , 64 bit Build 22000 (10.0.22000.1516) elapsed time: 429.867656 seconds (0d 0h 7m 9s)

---------------  T H R E A D  ---------------

Current thread (0x0000025c16c27000):  JavaThread "C2 CompilerThread0" daemon [_thread_in_native, id=6832, stack(0x000000ca95800000,0x000000ca95900000)]


Current CompileTask:
C2: 429868 15507       4       org.gradle.internal.component.model.ComponentAttributeMatcher::match (259 bytes)

Stack: [0x000000ca95800000,0x000000ca95900000]
Native frames: (J=compiled Java code, j=interpreted, Vv=VM code, C=native code)
V  [jvm.dll+0x64135a]
V  [jvm.dll+0x7d39f9]
V  [jvm.dll+0x7d51b9]
V  [jvm.dll+0x7d58a3]
V  [jvm.dll+0x2691c5]
V  [jvm.dll+0xc1a5c]
V  [jvm.dll+0xc200c]
V  [jvm.dll+0x3774a7]
V  [jvm.dll+0x1b3914]
V  [jvm.dll+0x22163e]
V  [jvm.dll+0x220498]
V  [jvm.dll+0x19e851]
V  [jvm.dll+0x230479]
V  [jvm.dll+0x22e5ef]
V  [jvm.dll+0x794de1]
V  [jvm.dll+0x78dc24]
V  [jvm.dll+0x6400f6]
C  [ucrtbase.dll+0x26c0c]
C  [KERNEL32.DLL+0x155a0]
C  [ntdll.dll+0x485b]


---------------  P R O C E S S  ---------------

Threads class SMR info:
_java_thread_list=0x0000025c1e285680, length=84, elements={
0x0000025c7af65000, 0x0000025c16c00000, 0x0000025c16c09000, 0x0000025c16c21800,
0x0000025c16c22800, 0x0000025c16c23800, 0x0000025c16c27000, 0x0000025c16c2b800,
0x0000025c16c37800, 0x0000025c17703000, 0x0000025c19096000, 0x0000025c1956e000,
0x0000025c19019000, 0x0000025c196e4000, 0x0000025c196e4800, 0x0000025c196e6800,
0x0000025c196e7000, 0x0000025c196e1800, 0x0000025c196e8000, 0x0000025c19b05800,
0x0000025c19b04800, 0x0000025c19b08000, 0x0000025c19b02800, 0x0000025c19b09000,
0x0000025c1b80b000, 0x0000025c1b803000, 0x0000025c1b801800, 0x0000025c1b800000,
0x0000025c1b804800, 0x0000025c1b806800, 0x0000025c1b800800, 0x0000025c1b802000,
0x0000025c1b80a800, 0x0000025c1b80c000, 0x0000025c1b807000, 0x0000025c1b80d000,
0x0000025c1b809000, 0x0000025c1b80d800, 0x0000025c1b808000, 0x0000025c1b80e800,
0x0000025c1b809800, 0x0000025c19b03000, 0x0000025c19b07000, 0x0000025c19b09800,
0x0000025c19b04000, 0x0000025c19b0a800, 0x0000025c19b11000, 0x0000025c19b0d800,
0x0000025c19b0f800, 0x0000025c19b0c000, 0x0000025c19b0e800, 0x0000025c19b10000,
0x0000025c19b0b800, 0x0000025c19b0d000, 0x0000025c1d924800, 0x0000025c1d920000,
0x0000025c1d925000, 0x0000025c1d926000, 0x0000025c1d921000, 0x0000025c1d922000,
0x0000025c1d927000, 0x0000025c1d923800, 0x0000025c196e5800, 0x0000025c196e2000,
0x0000025c196e3000, 0x0000025c1c31a000, 0x0000025c1c31f000, 0x0000025c1c31b000,
0x0000025c1c31d800, 0x0000025c1c319800, 0x0000025c1c320000, 0x0000025c1c320800,
0x0000025c1c31c800, 0x0000025c1c31e000, 0x0000025c1c321800, 0x0000025c1c31b800,
0x0000025c1c322800, 0x0000025c1c328000, 0x0000025c1c324000, 0x0000025c1c326800,
0x0000025c1c324800, 0x0000025c1c325800, 0x0000025c1c327000, 0x0000025c1a06b000
}

Java Threads: ( => current thread )
  0x0000025c7af65000 JavaThread "main" [_thread_blocked, id=9796, stack(0x000000ca94c00000,0x000000ca94d00000)]
  0x0000025c16c00000 JavaThread "Reference Handler" daemon [_thread_blocked, id=3480, stack(0x000000ca95300000,0x000000ca95400000)]
  0x0000025c16c09000 JavaThread "Finalizer" daemon [_thread_blocked, id=6960, stack(0x000000ca95400000,0x000000ca95500000)]
  0x0000025c16c21800 JavaThread "Signal Dispatcher" daemon [_thread_blocked, id=1248, stack(0x000000ca95500000,0x000000ca95600000)]
  0x0000025c16c22800 JavaThread "Attach Listener" daemon [_thread_blocked, id=9212, stack(0x000000ca95600000,0x000000ca95700000)]
  0x0000025c16c23800 JavaThread "Service Thread" daemon [_thread_blocked, id=1320, stack(0x000000ca95700000,0x000000ca95800000)]
=>0x0000025c16c27000 JavaThread "C2 CompilerThread0" daemon [_thread_in_native, id=6832, stack(0x000000ca95800000,0x000000ca95900000)]
  0x0000025c16c2b800 JavaThread "C1 CompilerThread0" daemon [_thread_blocked, id=3860, stack(0x000000ca95900000,0x000000ca95a00000)]
  0x0000025c16c37800 JavaThread "Sweeper thread" daemon [_thread_blocked, id=2432, stack(0x000000ca95a00000,0x000000ca95b00000)]
  0x0000025c17703000 JavaThread "Common-Cleaner" daemon [_thread_blocked, id=8820, stack(0x000000ca95b00000,0x000000ca95c00000)]
  0x0000025c19096000 JavaThread "Daemon health stats" [_thread_blocked, id=6084, stack(0x000000ca95e00000,0x000000ca95f00000)]
  0x0000025c1956e000 JavaThread "Incoming local TCP Connector on port 51591" [_thread_in_native, id=6268, stack(0x000000ca95f00000,0x000000ca96000000)]
  0x0000025c19019000 JavaThread "Daemon periodic checks" [_thread_blocked, id=8104, stack(0x000000ca96000000,0x000000ca96100000)]
  0x0000025c196e4000 JavaThread "Cache worker for journal cache (C:\Users\dfurs\.gradle\caches\journal-1)" [_thread_blocked, id=436, stack(0x000000ca96a00000,0x000000ca96b00000)]
  0x0000025c196e4800 JavaThread "File lock request listener" [_thread_in_native, id=8664, stack(0x000000ca96b00000,0x000000ca96c00000)]
  0x0000025c196e6800 JavaThread "Cache worker for file hash cache (C:\Users\dfurs\.gradle\caches\7.5\fileHashes)" [_thread_blocked, id=8408, stack(0x000000ca96c00000,0x000000ca96d00000)]
  0x0000025c196e7000 JavaThread "File watcher server" daemon [_thread_in_native, id=7452, stack(0x000000ca96d00000,0x000000ca96e00000)]
  0x0000025c196e1800 JavaThread "File watcher consumer" daemon [_thread_blocked, id=3888, stack(0x000000ca96e00000,0x000000ca96f00000)]
  0x0000025c196e8000 JavaThread "Cache worker for file content cache (C:\Users\dfurs\.gradle\caches\7.5\fileContent)" [_thread_blocked, id=8008, stack(0x000000ca97100000,0x000000ca97200000)]
  0x0000025c19b05800 JavaThread "Cache worker for execution history cache (C:\Users\dfurs\.gradle\caches\7.5\executionHistory)" [_thread_blocked, id=1104, stack(0x000000ca97400000,0x000000ca97500000)]
  0x0000025c19b04800 JavaThread "jar transforms" [_thread_blocked, id=800, stack(0x000000ca97500000,0x000000ca97600000)]
  0x0000025c19b08000 JavaThread "jar transforms Thread 2" [_thread_blocked, id=9644, stack(0x000000ca97600000,0x000000ca97700000)]
  0x0000025c19b02800 JavaThread "jar transforms Thread 3" [_thread_blocked, id=7440, stack(0x000000ca97700000,0x000000ca97800000)]
  0x0000025c19b09000 JavaThread "jar transforms Thread 4" [_thread_blocked, id=1940, stack(0x000000ca97800000,0x000000ca97900000)]
  0x0000025c1b80b000 JavaThread "Memory manager" [_thread_blocked, id=1828, stack(0x000000ca9a700000,0x000000ca9a800000)]
  0x0000025c1b803000 JavaThread "Daemon Thread 5" [_thread_blocked, id=2008, stack(0x000000ca94b00000,0x000000ca94c00000)]
  0x0000025c1b801800 JavaThread "Handler for socket connection from /127.0.0.1:51591 to /127.0.0.1:52674" [_thread_in_native, id=3432, stack(0x000000ca96200000,0x000000ca96300000)]
  0x0000025c1b800000 JavaThread "Cancel handler" [_thread_blocked, id=4012, stack(0x000000ca96300000,0x000000ca96400000)]
  0x0000025c1b804800 JavaThread "Daemon worker Thread 4" [_thread_in_Java, id=804, stack(0x000000ca96500000,0x000000ca96600000)]
  0x0000025c1b806800 JavaThread "Asynchronous log dispatcher for DefaultDaemonConnection: socket connection from /127.0.0.1:51591 to /127.0.0.1:52674" [_thread_blocked, id=5936, stack(0x000000ca96100000,0x000000ca96200000)]
  0x0000025c1b800800 JavaThread "Daemon client event forwarder" [_thread_blocked, id=9336, stack(0x000000ca96600000,0x000000ca96700000)]
  0x0000025c1b802000 JavaThread "Cache worker for checksums cache (D:\lab5\.gradle\7.5\checksums)" [_thread_blocked, id=6892, stack(0x000000ca96700000,0x000000ca96800000)]
  0x0000025c1b80a800 JavaThread "Cache worker for cache directory md-rule (C:\Users\dfurs\.gradle\caches\7.5\md-rule)" [_thread_blocked, id=2484, stack(0x000000ca96f00000,0x000000ca97000000)]
  0x0000025c1b80c000 JavaThread "Cache worker for file hash cache (D:\lab5\.gradle\7.5\fileHashes)" [_thread_blocked, id=6664, stack(0x000000ca97000000,0x000000ca97100000)]
  0x0000025c1b807000 JavaThread "Cache worker for cache directory md-supplier (C:\Users\dfurs\.gradle\caches\7.5\md-supplier)" [_thread_blocked, id=4108, stack(0x000000ca97200000,0x000000ca97300000)]
  0x0000025c1b80d000 JavaThread "File lock release action executor" [_thread_blocked, id=6888, stack(0x000000ca97300000,0x000000ca97400000)]
  0x0000025c1b809000 JavaThread "Cache worker for dependencies-accessors (D:\lab5\.gradle\7.5\dependencies-accessors)" [_thread_blocked, id=5716, stack(0x000000ca97900000,0x000000ca97a00000)]
  0x0000025c1b80d800 JavaThread "Cache worker for Build Output Cleanup Cache (D:\lab5\.gradle\buildOutputCleanup)" [_thread_blocked, id=9280, stack(0x000000ca97a00000,0x000000ca97b00000)]
  0x0000025c1b808000 JavaThread "Unconstrained build operations" [_thread_blocked, id=8352, stack(0x000000ca94900000,0x000000ca94a00000)]
  0x0000025c1b80e800 JavaThread "Unconstrained build operations Thread 2" [_thread_blocked, id=1376, stack(0x000000ca97b00000,0x000000ca97c00000)]
  0x0000025c1b809800 JavaThread "Unconstrained build operations Thread 3" [_thread_blocked, id=4668, stack(0x000000ca97c00000,0x000000ca97d00000)]
  0x0000025c19b03000 JavaThread "Unconstrained build operations Thread 4" [_thread_blocked, id=1728, stack(0x000000ca97d00000,0x000000ca97e00000)]
  0x0000025c19b07000 JavaThread "Unconstrained build operations Thread 5" [_thread_blocked, id=9408, stack(0x000000ca97e00000,0x000000ca97f00000)]
  0x0000025c19b09800 JavaThread "Unconstrained build operations Thread 6" [_thread_blocked, id=9708, stack(0x000000ca97f00000,0x000000ca98000000)]
  0x0000025c19b04000 JavaThread "Unconstrained build operations Thread 7" [_thread_blocked, id=4376, stack(0x000000ca98000000,0x000000ca98100000)]
  0x0000025c19b0a800 JavaThread "Unconstrained build operations Thread 8" [_thread_blocked, id=3384, stack(0x000000ca98100000,0x000000ca98200000)]
  0x0000025c19b11000 JavaThread "Unconstrained build operations Thread 9" [_thread_blocked, id=6096, stack(0x000000ca98200000,0x000000ca98300000)]
  0x0000025c19b0d800 JavaThread "Unconstrained build operations Thread 10" [_thread_blocked, id=5268, stack(0x000000ca98300000,0x000000ca98400000)]
  0x0000025c19b0f800 JavaThread "Unconstrained build operations Thread 11" [_thread_blocked, id=3648, stack(0x000000ca98400000,0x000000ca98500000)]
  0x0000025c19b0c000 JavaThread "Unconstrained build operations Thread 12" [_thread_blocked, id=6992, stack(0x000000ca98500000,0x000000ca98600000)]
  0x0000025c19b0e800 JavaThread "Unconstrained build operations Thread 13" [_thread_blocked, id=4388, stack(0x000000ca98600000,0x000000ca98700000)]
  0x0000025c19b10000 JavaThread "Unconstrained build operations Thread 14" [_thread_blocked, id=4292, stack(0x000000ca98700000,0x000000ca98800000)]
  0x0000025c19b0b800 JavaThread "Unconstrained build operations Thread 15" [_thread_blocked, id=3788, stack(0x000000ca98800000,0x000000ca98900000)]
  0x0000025c19b0d000 JavaThread "Unconstrained build operations Thread 16" [_thread_blocked, id=9980, stack(0x000000ca98900000,0x000000ca98a00000)]
  0x0000025c1d924800 JavaThread "Unconstrained build operations Thread 17" [_thread_blocked, id=5808, stack(0x000000ca98a00000,0x000000ca98b00000)]
  0x0000025c1d920000 JavaThread "Unconstrained build operations Thread 18" [_thread_blocked, id=1260, stack(0x000000ca98b00000,0x000000ca98c00000)]
  0x0000025c1d925000 JavaThread "Unconstrained build operations Thread 19" [_thread_blocked, id=9668, stack(0x000000ca98c00000,0x000000ca98d00000)]
  0x0000025c1d926000 JavaThread "Unconstrained build operations Thread 20" [_thread_blocked, id=4232, stack(0x000000ca98d00000,0x000000ca98e00000)]
  0x0000025c1d921000 JavaThread "Unconstrained build operations Thread 21" [_thread_blocked, id=10092, stack(0x000000ca98e00000,0x000000ca98f00000)]
  0x0000025c1d922000 JavaThread "Unconstrained build operations Thread 22" [_thread_blocked, id=6904, stack(0x000000ca98f00000,0x000000ca99000000)]
  0x0000025c1d927000 JavaThread "Unconstrained build operations Thread 23" [_thread_blocked, id=7412, stack(0x000000ca99000000,0x000000ca99100000)]
  0x0000025c1d923800 JavaThread "Unconstrained build operations Thread 24" [_thread_blocked, id=3996, stack(0x000000ca99100000,0x000000ca99200000)]
  0x0000025c196e5800 JavaThread "Unconstrained build operations Thread 25" [_thread_blocked, id=6316, stack(0x000000ca99200000,0x000000ca99300000)]
  0x0000025c196e2000 JavaThread "Unconstrained build operations Thread 26" [_thread_blocked, id=5608, stack(0x000000ca99300000,0x000000ca99400000)]
  0x0000025c196e3000 JavaThread "Unconstrained build operations Thread 27" [_thread_blocked, id=4288, stack(0x000000ca99400000,0x000000ca99500000)]
  0x0000025c1c31a000 JavaThread "Unconstrained build operations Thread 28" [_thread_blocked, id=1632, stack(0x000000ca99500000,0x000000ca99600000)]
  0x0000025c1c31f000 JavaThread "Unconstrained build operations Thread 29" [_thread_blocked, id=1196, stack(0x000000ca99600000,0x000000ca99700000)]
  0x0000025c1c31b000 JavaThread "Unconstrained build operations Thread 30" [_thread_blocked, id=6880, stack(0x000000ca99700000,0x000000ca99800000)]
  0x0000025c1c31d800 JavaThread "Unconstrained build operations Thread 31" [_thread_blocked, id=5564, stack(0x000000ca99800000,0x000000ca99900000)]
  0x0000025c1c319800 JavaThread "Unconstrained build operations Thread 32" [_thread_blocked, id=9760, stack(0x000000ca99900000,0x000000ca99a00000)]
  0x0000025c1c320000 JavaThread "Unconstrained build operations Thread 33" [_thread_blocked, id=8456, stack(0x000000ca99a00000,0x000000ca99b00000)]
  0x0000025c1c320800 JavaThread "Unconstrained build operations Thread 34" [_thread_blocked, id=6504, stack(0x000000ca99b00000,0x000000ca99c00000)]
  0x0000025c1c31c800 JavaThread "Unconstrained build operations Thread 35" [_thread_blocked, id=1668, stack(0x000000ca99c00000,0x000000ca99d00000)]
  0x0000025c1c31e000 JavaThread "Unconstrained build operations Thread 36" [_thread_blocked, id=10224, stack(0x000000ca99d00000,0x000000ca99e00000)]
  0x0000025c1c321800 JavaThread "Unconstrained build operations Thread 37" [_thread_blocked, id=5020, stack(0x000000ca99e00000,0x000000ca99f00000)]
  0x0000025c1c31b800 JavaThread "Unconstrained build operations Thread 38" [_thread_blocked, id=5548, stack(0x000000ca99f00000,0x000000ca9a000000)]
  0x0000025c1c322800 JavaThread "Unconstrained build operations Thread 39" [_thread_blocked, id=7356, stack(0x000000ca9a000000,0x000000ca9a100000)]
  0x0000025c1c328000 JavaThread "Unconstrained build operations Thread 40" [_thread_blocked, id=2344, stack(0x000000ca9a100000,0x000000ca9a200000)]
  0x0000025c1c324000 JavaThread "included builds" [_thread_blocked, id=6652, stack(0x000000ca9a200000,0x000000ca9a300000)]
  0x0000025c1c326800 JavaThread "Execution worker" [_thread_blocked, id=6240, stack(0x000000ca9a300000,0x000000ca9a400000)]
  0x0000025c1c324800 JavaThread "Execution worker Thread 2" [_thread_blocked, id=6752, stack(0x000000ca9a400000,0x000000ca9a500000)]
  0x0000025c1c325800 JavaThread "Execution worker Thread 3" [_thread_blocked, id=6328, stack(0x000000ca9a500000,0x000000ca9a600000)]
  0x0000025c1c327000 JavaThread "Cache worker for execution history cache (D:\lab5\.gradle\7.5\executionHistory)" [_thread_blocked, id=9276, stack(0x000000ca9a600000,0x000000ca9a700000)]
  0x0000025c1a06b000 JavaThread "idea-tooling-model-converter" [_thread_blocked, id=6996, stack(0x000000ca9a800000,0x000000ca9a900000)]

Other Threads:
  0x0000025c16bfe800 VMThread "VM Thread" [stack: 0x000000ca95200000,0x000000ca95300000] [id=1384]
  0x0000025c17748800 WatcherThread [stack: 0x000000ca95c00000,0x000000ca95d00000] [id=8404]
  0x0000025c7af7d800 GCTaskThread "GC Thread#0" [stack: 0x000000ca94d00000,0x000000ca94e00000] [id=4016]
  0x0000025c17801800 GCTaskThread "GC Thread#1" [stack: 0x000000ca95d00000,0x000000ca95e00000] [id=10228]
  0x0000025c196a4000 GCTaskThread "GC Thread#2" [stack: 0x000000ca96800000,0x000000ca96900000] [id=2528]
  0x0000025c196d7000 GCTaskThread "GC Thread#3" [stack: 0x000000ca96900000,0x000000ca96a00000] [id=7044]
  0x0000025c7afae000 ConcurrentGCThread "G1 Main Marker" [stack: 0x000000ca94e00000,0x000000ca94f00000] [id=5056]
  0x0000025c7afb0800 ConcurrentGCThread "G1 Conc#0" [stack: 0x000000ca94f00000,0x000000ca95000000] [id=5644]
  0x0000025c7b034800 ConcurrentGCThread "G1 Refine#0" [stack: 0x000000ca95000000,0x000000ca95100000] [id=9872]
  0x0000025c7b038800 ConcurrentGCThread "G1 Young RemSet Sampling" [stack: 0x000000ca95100000,0x000000ca95200000] [id=8320]

Threads with active compile tasks:
C2 CompilerThread0   429912 15507       4       org.gradle.internal.component.model.ComponentAttributeMatcher::match (259 bytes)

VM state:not at safepoint (normal execution)

VM Mutex/Monitor currently owned by a thread: None

Heap address: 0x0000000080000000, size: 2048 MB, Compressed Oops mode: 32-bit
Narrow klass base: 0x0000000000000000, Narrow klass shift: 3
Compressed class space size: 1073741824 Address: 0x0000000100000000

Heap:
 garbage-first heap   total 247808K, used 204538K [0x0000000080000000, 0x0000000100000000)
  region size 1024K, 17 young (17408K), 2 survivors (2048K)
 Metaspace       used 104325K, capacity 107669K, committed 107804K, reserved 1142784K
  class space    used 13208K, capacity 14432K, committed 14488K, reserved 1048576K
Heap Regions: E=young(eden), S=young(survivor), O=old, HS=humongous(starts), HC=humongous(continues), CS=collection set, F=free, A=archive, TAMS=top-at-mark-start (previous, next)
|   0|0x0000000080000000, 0x0000000080100000, 0x0000000080100000|100%|HS|  |TAMS 0x0000000080100000, 0x0000000080000000| Complete 
|   1|0x0000000080100000, 0x0000000080200000, 0x0000000080200000|100%|HC|  |TAMS 0x0000000080200000, 0x0000000080100000| Complete 
|   2|0x0000000080200000, 0x0000000080300000, 0x0000000080300000|100%|HC|  |TAMS 0x0000000080300000, 0x0000000080200000| Complete 
|   3|0x0000000080300000, 0x0000000080400000, 0x0000000080400000|100%| O|  |TAMS 0x0000000080400000, 0x0000000080300000| Untracked 
|   4|0x0000000080400000, 0x0000000080500000, 0x0000000080500000|100%| O|  |TAMS 0x0000000080500000, 0x0000000080400000| Untracked 
|   5|0x0000000080500000, 0x0000000080600000, 0x0000000080600000|100%| O|  |TAMS 0x0000000080600000, 0x0000000080500000| Untracked 
|   6|0x0000000080600000, 0x0000000080700000, 0x0000000080700000|100%| O|  |TAMS 0x0000000080700000, 0x0000000080600000| Untracked 
|   7|0x0000000080700000, 0x0000000080800000, 0x0000000080800000|100%| O|  |TAMS 0x0000000080800000, 0x0000000080700000| Untracked 
|   8|0x0000000080800000, 0x0000000080900000, 0x0000000080900000|100%| O|  |TAMS 0x0000000080900000, 0x0000000080800000| Untracked 
|   9|0x0000000080900000, 0x0000000080a00000, 0x0000000080a00000|100%| O|  |TAMS 0x0000000080a00000, 0x0000000080900000| Untracked 
|  10|0x0000000080a00000, 0x0000000080b00000, 0x0000000080b00000|100%| O|  |TAMS 0x0000000080b00000, 0x0000000080a00000| Untracked 
|  11|0x0000000080b00000, 0x0000000080c00000, 0x0000000080c00000|100%| O|  |TAMS 0x0000000080c00000, 0x0000000080b00000| Untracked 
|  12|0x0000000080c00000, 0x0000000080d00000, 0x0000000080d00000|100%| O|  |TAMS 0x0000000080d00000, 0x0000000080c00000| Untracked 
|  13|0x0000000080d00000, 0x0000000080e00000, 0x0000000080e00000|100%| O|  |TAMS 0x0000000080e00000, 0x0000000080d00000| Untracked 
|  14|0x0000000080e00000, 0x0000000080f00000, 0x0000000080f00000|100%| O|  |TAMS 0x0000000080f00000, 0x0000000080e00000| Untracked 
|  15|0x0000000080f00000, 0x0000000081000000, 0x0000000081000000|100%| O|  |TAMS 0x0000000081000000, 0x0000000080f00000| Untracked 
|  16|0x0000000081000000, 0x0000000081100000, 0x0000000081100000|100%| O|  |TAMS 0x0000000081100000, 0x0000000081000000| Untracked 
|  17|0x0000000081100000, 0x0000000081200000, 0x0000000081200000|100%| O|  |TAMS 0x0000000081200000, 0x0000000081100000| Untracked 
|  18|0x0000000081200000, 0x0000000081300000, 0x0000000081300000|100%| O|  |TAMS 0x0000000081300000, 0x0000000081200000| Untracked 
|  19|0x0000000081300000, 0x0000000081400000, 0x0000000081400000|100%| O|  |TAMS 0x0000000081400000, 0x0000000081300000| Untracked 
|  20|0x0000000081400000, 0x0000000081500000, 0x0000000081500000|100%| O|  |TAMS 0x0000000081500000, 0x0000000081400000| Untracked 
|  21|0x0000000081500000, 0x0000000081600000, 0x0000000081600000|100%| O|  |TAMS 0x0000000081600000, 0x0000000081500000| Untracked 
|  22|0x0000000081600000, 0x0000000081700000, 0x0000000081700000|100%| O|  |TAMS 0x0000000081700000, 0x0000000081600000| Untracked 
|  23|0x0000000081700000, 0x0000000081800000, 0x0000000081800000|100%| O|  |TAMS 0x0000000081800000, 0x0000000081700000| Untracked 
|  24|0x0000000081800000, 0x0000000081900000, 0x0000000081900000|100%| O|  |TAMS 0x0000000081900000, 0x0000000081800000| Untracked 
|  25|0x0000000081900000, 0x0000000081a00000, 0x0000000081a00000|100%| O|  |TAMS 0x0000000081a00000, 0x0000000081900000| Untracked 
|  26|0x0000000081a00000, 0x0000000081b00000, 0x0000000081b00000|100%| O|  |TAMS 0x0000000081b00000, 0x0000000081a00000| Untracked 
|  27|0x0000000081b00000, 0x0000000081c00000, 0x0000000081c00000|100%| O|  |TAMS 0x0000000081c00000, 0x0000000081b00000| Untracked 
|  28|0x0000000081c00000, 0x0000000081d00000, 0x0000000081d00000|100%| O|  |TAMS 0x0000000081d00000, 0x0000000081c00000| Untracked 
|  29|0x0000000081d00000, 0x0000000081e00000, 0x0000000081e00000|100%|HS|  |TAMS 0x0000000081e00000, 0x0000000081d00000| Complete 
|  30|0x0000000081e00000, 0x0000000081f00000, 0x0000000081f00000|100%|HS|  |TAMS 0x0000000081f00000, 0x0000000081e00000| Complete 
|  31|0x0000000081f00000, 0x0000000082000000, 0x0000000082000000|100%| O|  |TAMS 0x0000000082000000, 0x0000000081f00000| Untracked 
|  32|0x0000000082000000, 0x0000000082100000, 0x0000000082100000|100%| O|  |TAMS 0x0000000082100000, 0x0000000082000000| Untracked 
|  33|0x0000000082100000, 0x0000000082200000, 0x0000000082200000|100%| O|  |TAMS 0x0000000082200000, 0x0000000082100000| Untracked 
|  34|0x0000000082200000, 0x0000000082300000, 0x0000000082300000|100%| O|  |TAMS 0x0000000082300000, 0x0000000082200000| Untracked 
|  35|0x0000000082300000, 0x0000000082400000, 0x0000000082400000|100%| O|  |TAMS 0x0000000082400000, 0x0000000082300000| Untracked 
|  36|0x0000000082400000, 0x0000000082465400, 0x0000000082500000| 39%| O|  |TAMS 0x0000000082465400, 0x0000000082400000| Untracked 
|  37|0x0000000082500000, 0x0000000082600000, 0x0000000082600000|100%| O|  |TAMS 0x0000000082600000, 0x0000000082500000| Untracked 
|  38|0x0000000082600000, 0x0000000082700000, 0x0000000082700000|100%| O|  |TAMS 0x0000000082700000, 0x0000000082600000| Untracked 
|  39|0x0000000082700000, 0x0000000082800000, 0x0000000082800000|100%| O|  |TAMS 0x0000000082800000, 0x0000000082700000| Untracked 
|  40|0x0000000082800000, 0x0000000082900000, 0x0000000082900000|100%| O|  |TAMS 0x0000000082900000, 0x0000000082800000| Untracked 
|  41|0x0000000082900000, 0x0000000082a00000, 0x0000000082a00000|100%| O|  |TAMS 0x0000000082a00000, 0x0000000082900000| Untracked 
|  42|0x0000000082a00000, 0x0000000082b00000, 0x0000000082b00000|100%| O|  |TAMS 0x0000000082b00000, 0x0000000082a00000| Untracked 
|  43|0x0000000082b00000, 0x0000000082c00000, 0x0000000082c00000|100%| O|  |TAMS 0x0000000082c00000, 0x0000000082b00000| Untracked 
|  44|0x0000000082c00000, 0x0000000082d00000, 0x0000000082d00000|100%| O|  |TAMS 0x0000000082d00000, 0x0000000082c00000| Untracked 
|  45|0x0000000082d00000, 0x0000000082e00000, 0x0000000082e00000|100%| O|  |TAMS 0x0000000082e00000, 0x0000000082d00000| Untracked 
|  46|0x0000000082e00000, 0x0000000082f00000, 0x0000000082f00000|100%| O|  |TAMS 0x0000000082f00000, 0x0000000082e00000| Untracked 
|  47|0x0000000082f00000, 0x0000000083000000, 0x0000000083000000|100%| O|  |TAMS 0x0000000083000000, 0x0000000082f00000| Untracked 
|  48|0x0000000083000000, 0x0000000083100000, 0x0000000083100000|100%| O|  |TAMS 0x0000000083100000, 0x0000000083000000| Untracked 
|  49|0x0000000083100000, 0x0000000083200000, 0x0000000083200000|100%| O|  |TAMS 0x0000000083200000, 0x0000000083100000| Untracked 
|  50|0x0000000083200000, 0x0000000083300000, 0x0000000083300000|100%| O|  |TAMS 0x0000000083300000, 0x0000000083200000| Untracked 
|  51|0x0000000083300000, 0x0000000083400000, 0x0000000083400000|100%| O|  |TAMS 0x0000000083400000, 0x0000000083300000| Untracked 
|  52|0x0000000083400000, 0x0000000083500000, 0x0000000083500000|100%| O|  |TAMS 0x0000000083500000, 0x0000000083400000| Untracked 
|  53|0x0000000083500000, 0x0000000083600000, 0x0000000083600000|100%| O|  |TAMS 0x0000000083600000, 0x0000000083500000| Untracked 
|  54|0x0000000083600000, 0x0000000083700000, 0x0000000083700000|100%| O|  |TAMS 0x0000000083700000, 0x0000000083600000| Untracked 
|  55|0x0000000083700000, 0x0000000083800000, 0x0000000083800000|100%| O|  |TAMS 0x0000000083800000, 0x0000000083700000| Untracked 
|  56|0x0000000083800000, 0x0000000083900000, 0x0000000083900000|100%| O|  |TAMS 0x0000000083900000, 0x0000000083800000| Untracked 
|  57|0x0000000083900000, 0x0000000083a00000, 0x0000000083a00000|100%| O|  |TAMS 0x0000000083a00000, 0x0000000083900000| Untracked 
|  58|0x0000000083a00000, 0x0000000083b00000, 0x0000000083b00000|100%| O|  |TAMS 0x0000000083b00000, 0x0000000083a00000| Untracked 
|  59|0x0000000083b00000, 0x0000000083c00000, 0x0000000083c00000|100%| O|  |TAMS 0x0000000083c00000, 0x0000000083b00000| Untracked 
|  60|0x0000000083c00000, 0x0000000083d00000, 0x0000000083d00000|100%| O|  |TAMS 0x0000000083d00000, 0x0000000083c00000| Untracked 
|  61|0x0000000083d00000, 0x0000000083e00000, 0x0000000083e00000|100%| O|  |TAMS 0x0000000083e00000, 0x0000000083d00000| Untracked 
|  62|0x0000000083e00000, 0x0000000083f00000, 0x0000000083f00000|100%| O|  |TAMS 0x0000000083f00000, 0x0000000083e00000| Untracked 
|  63|0x0000000083f00000, 0x0000000084000000, 0x0000000084000000|100%|HS|  |TAMS 0x0000000084000000, 0x0000000083f00000| Complete 
|  64|0x0000000084000000, 0x0000000084100000, 0x0000000084100000|100%|HC|  |TAMS 0x0000000084100000, 0x0000000084000000| Complete 
|  65|0x0000000084100000, 0x0000000084200000, 0x0000000084200000|100%| O|  |TAMS 0x0000000084200000, 0x0000000084100000| Untracked 
|  66|0x0000000084200000, 0x0000000084300000, 0x0000000084300000|100%| O|  |TAMS 0x0000000084300000, 0x0000000084200000| Untracked 
|  67|0x0000000084300000, 0x0000000084400000, 0x0000000084400000|100%| O|  |TAMS 0x0000000084400000, 0x0000000084300000| Untracked 
|  68|0x0000000084400000, 0x0000000084500000, 0x0000000084500000|100%| O|  |TAMS 0x0000000084500000, 0x0000000084400000| Untracked 
|  69|0x0000000084500000, 0x0000000084600000, 0x0000000084600000|100%| O|  |TAMS 0x0000000084600000, 0x0000000084500000| Untracked 
|  70|0x0000000084600000, 0x0000000084700000, 0x0000000084700000|100%| O|  |TAMS 0x0000000084700000, 0x0000000084600000| Untracked 
|  71|0x0000000084700000, 0x0000000084800000, 0x0000000084800000|100%| O|  |TAMS 0x0000000084800000, 0x0000000084700000| Untracked 
|  72|0x0000000084800000, 0x0000000084900000, 0x0000000084900000|100%| O|  |TAMS 0x0000000084900000, 0x0000000084800000| Untracked 
|  73|0x0000000084900000, 0x0000000084a00000, 0x0000000084a00000|100%| O|  |TAMS 0x0000000084a00000, 0x0000000084900000| Untracked 
|  74|0x0000000084a00000, 0x0000000084b00000, 0x0000000084b00000|100%| O|  |TAMS 0x0000000084b00000, 0x0000000084a00000| Untracked 
|  75|0x0000000084b00000, 0x0000000084c00000, 0x0000000084c00000|100%| O|  |TAMS 0x0000000084c00000, 0x0000000084b00000| Untracked 
|  76|0x0000000084c00000, 0x0000000084d00000, 0x0000000084d00000|100%| O|  |TAMS 0x0000000084d00000, 0x0000000084c00000| Untracked 
|  77|0x0000000084d00000, 0x0000000084e00000, 0x0000000084e00000|100%| O|  |TAMS 0x0000000084e00000, 0x0000000084d00000| Untracked 
|  78|0x0000000084e00000, 0x0000000084f00000, 0x0000000084f00000|100%| O|  |TAMS 0x0000000084f00000, 0x0000000084e00000| Untracked 
|  79|0x0000000084f00000, 0x0000000085000000, 0x0000000085000000|100%| O|  |TAMS 0x0000000085000000, 0x0000000084f00000| Untracked 
|  80|0x0000000085000000, 0x0000000085100000, 0x0000000085100000|100%| O|  |TAMS 0x0000000085100000, 0x0000000085000000| Untracked 
|  81|0x0000000085100000, 0x0000000085200000, 0x0000000085200000|100%| O|  |TAMS 0x0000000085200000, 0x0000000085100000| Untracked 
|  82|0x0000000085200000, 0x0000000085300000, 0x0000000085300000|100%| O|  |TAMS 0x0000000085300000, 0x0000000085200000| Untracked 
|  83|0x0000000085300000, 0x0000000085400000, 0x0000000085400000|100%| O|  |TAMS 0x0000000085400000, 0x0000000085300000| Untracked 
|  84|0x0000000085400000, 0x0000000085500000, 0x0000000085500000|100%| O|  |TAMS 0x0000000085500000, 0x0000000085400000| Untracked 
|  85|0x0000000085500000, 0x0000000085600000, 0x0000000085600000|100%| O|  |TAMS 0x0000000085600000, 0x0000000085500000| Untracked 
|  86|0x0000000085600000, 0x0000000085700000, 0x0000000085700000|100%| O|  |TAMS 0x0000000085700000, 0x0000000085600000| Untracked 
|  87|0x0000000085700000, 0x0000000085800000, 0x0000000085800000|100%| O|  |TAMS 0x0000000085800000, 0x0000000085700000| Untracked 
|  88|0x0000000085800000, 0x0000000085900000, 0x0000000085900000|100%| O|  |TAMS 0x0000000085900000, 0x0000000085800000| Untracked 
|  89|0x0000000085900000, 0x0000000085900000, 0x0000000085a00000|  0%| F|  |TAMS 0x0000000085900000, 0x0000000085900000| Untracked 
|  90|0x0000000085a00000, 0x0000000085a00000, 0x0000000085b00000|  0%| F|  |TAMS 0x0000000085a00000, 0x0000000085a00000| Untracked 
|  91|0x0000000085b00000, 0x0000000085c00000, 0x0000000085c00000|100%|HS|  |TAMS 0x0000000085c00000, 0x0000000085b00000| Complete 
|  92|0x0000000085c00000, 0x0000000085d00000, 0x0000000085d00000|100%|HC|  |TAMS 0x0000000085d00000, 0x0000000085c00000| Complete 
|  93|0x0000000085d00000, 0x0000000085e00000, 0x0000000085e00000|100%|HS|  |TAMS 0x0000000085e00000, 0x0000000085d00000| Complete 
|  94|0x0000000085e00000, 0x0000000085f00000, 0x0000000085f00000|100%|HC|  |TAMS 0x0000000085f00000, 0x0000000085e00000| Complete 
|  95|0x0000000085f00000, 0x0000000086000000, 0x0000000086000000|100%|HC|  |TAMS 0x0000000086000000, 0x0000000085f00000| Complete 
|  96|0x0000000086000000, 0x0000000086100000, 0x0000000086100000|100%|HS|  |TAMS 0x0000000086100000, 0x0000000086000000| Complete 
|  97|0x0000000086100000, 0x0000000086200000, 0x0000000086200000|100%|HC|  |TAMS 0x0000000086200000, 0x0000000086100000| Complete 
|  98|0x0000000086200000, 0x0000000086300000, 0x0000000086300000|100%|HC|  |TAMS 0x0000000086300000, 0x0000000086200000| Complete 
|  99|0x0000000086300000, 0x0000000086400000, 0x0000000086400000|100%|HS|  |TAMS 0x0000000086400000, 0x0000000086300000| Complete 
| 100|0x0000000086400000, 0x0000000086500000, 0x0000000086500000|100%|HC|  |TAMS 0x0000000086500000, 0x0000000086400000| Complete 
| 101|0x0000000086500000, 0x0000000086600000, 0x0000000086600000|100%|HS|  |TAMS 0x0000000086600000, 0x0000000086500000| Complete 
| 102|0x0000000086600000, 0x0000000086700000, 0x0000000086700000|100%|HC|  |TAMS 0x0000000086700000, 0x0000000086600000| Complete 
| 103|0x0000000086700000, 0x0000000086800000, 0x0000000086800000|100%|HC|  |TAMS 0x0000000086800000, 0x0000000086700000| Complete 
| 104|0x0000000086800000, 0x0000000086900000, 0x0000000086900000|100%|HC|  |TAMS 0x0000000086900000, 0x0000000086800000| Complete 
| 105|0x0000000086900000, 0x0000000086a00000, 0x0000000086a00000|100%|HC|  |TAMS 0x0000000086a00000, 0x0000000086900000| Complete 
| 106|0x0000000086a00000, 0x0000000086b00000, 0x0000000086b00000|100%|HS|  |TAMS 0x0000000086b00000, 0x0000000086a00000| Complete 
| 107|0x0000000086b00000, 0x0000000086c00000, 0x0000000086c00000|100%|HC|  |TAMS 0x0000000086c00000, 0x0000000086b00000| Complete 
| 108|0x0000000086c00000, 0x0000000086d00000, 0x0000000086d00000|100%|HC|  |TAMS 0x0000000086d00000, 0x0000000086c00000| Complete 
| 109|0x0000000086d00000, 0x0000000086e00000, 0x0000000086e00000|100%|HC|  |TAMS 0x0000000086e00000, 0x0000000086d00000| Complete 
| 110|0x0000000086e00000, 0x0000000086f00000, 0x0000000086f00000|100%|HC|  |TAMS 0x0000000086f00000, 0x0000000086e00000| Complete 
| 111|0x0000000086f00000, 0x0000000087000000, 0x0000000087000000|100%|HC|  |TAMS 0x0000000087000000, 0x0000000086f00000| Complete 
| 112|0x0000000087000000, 0x0000000087100000, 0x0000000087100000|100%|HC|  |TAMS 0x0000000087100000, 0x0000000087000000| Complete 
| 113|0x0000000087100000, 0x0000000087200000, 0x0000000087200000|100%|HC|  |TAMS 0x0000000087200000, 0x0000000087100000| Complete 
| 114|0x0000000087200000, 0x0000000087300000, 0x0000000087300000|100%|HC|  |TAMS 0x0000000087300000, 0x0000000087200000| Complete 
| 115|0x0000000087300000, 0x0000000087400000, 0x0000000087400000|100%|HC|  |TAMS 0x0000000087400000, 0x0000000087300000| Complete 
| 116|0x0000000087400000, 0x0000000087500000, 0x0000000087500000|100%|HS|  |TAMS 0x0000000087500000, 0x0000000087400000| Complete 
| 117|0x0000000087500000, 0x0000000087600000, 0x0000000087600000|100%|HC|  |TAMS 0x0000000087600000, 0x0000000087500000| Complete 
| 118|0x0000000087600000, 0x0000000087700000, 0x0000000087700000|100%|HS|  |TAMS 0x0000000087700000, 0x0000000087600000| Complete 
| 119|0x0000000087700000, 0x0000000087800000, 0x0000000087800000|100%|HC|  |TAMS 0x0000000087800000, 0x0000000087700000| Complete 
| 120|0x0000000087800000, 0x0000000087900000, 0x0000000087900000|100%|HC|  |TAMS 0x0000000087900000, 0x0000000087800000| Complete 
| 121|0x0000000087900000, 0x0000000087a00000, 0x0000000087a00000|100%|HS|  |TAMS 0x0000000087a00000, 0x0000000087900000| Complete 
| 122|0x0000000087a00000, 0x0000000087b00000, 0x0000000087b00000|100%|HC|  |TAMS 0x0000000087b00000, 0x0000000087a00000| Complete 
| 123|0x0000000087b00000, 0x0000000087c00000, 0x0000000087c00000|100%|HS|  |TAMS 0x0000000087c00000, 0x0000000087b00000| Complete 
| 124|0x0000000087c00000, 0x0000000087d00000, 0x0000000087d00000|100%|HC|  |TAMS 0x0000000087d00000, 0x0000000087c00000| Complete 
| 125|0x0000000087d00000, 0x0000000087e00000, 0x0000000087e00000|100%|HC|  |TAMS 0x0000000087e00000, 0x0000000087d00000| Complete 
| 126|0x0000000087e00000, 0x0000000087f00000, 0x0000000087f00000|100%|HC|  |TAMS 0x0000000087f00000, 0x0000000087e00000| Complete 
| 127|0x0000000087f00000, 0x0000000088000000, 0x0000000088000000|100%|HC|  |TAMS 0x0000000088000000, 0x0000000087f00000| Complete 
| 128|0x0000000088000000, 0x0000000088100000, 0x0000000088100000|100%|HC|  |TAMS 0x0000000088100000, 0x0000000088000000| Complete 
| 129|0x0000000088100000, 0x0000000088200000, 0x0000000088200000|100%|HC|  |TAMS 0x0000000088200000, 0x0000000088100000| Complete 
| 130|0x0000000088200000, 0x0000000088300000, 0x0000000088300000|100%|HC|  |TAMS 0x0000000088300000, 0x0000000088200000| Complete 
| 131|0x0000000088300000, 0x0000000088400000, 0x0000000088400000|100%|HC|  |TAMS 0x0000000088400000, 0x0000000088300000| Complete 
| 132|0x0000000088400000, 0x0000000088500000, 0x0000000088500000|100%|HC|  |TAMS 0x0000000088500000, 0x0000000088400000| Complete 
| 133|0x0000000088500000, 0x0000000088600000, 0x0000000088600000|100%|HS|  |TAMS 0x0000000088600000, 0x0000000088500000| Complete 
| 134|0x0000000088600000, 0x0000000088700000, 0x0000000088700000|100%|HC|  |TAMS 0x0000000088700000, 0x0000000088600000| Complete 
| 135|0x0000000088700000, 0x0000000088800000, 0x0000000088800000|100%|HS|  |TAMS 0x0000000088800000, 0x0000000088700000| Complete 
| 136|0x0000000088800000, 0x0000000088900000, 0x0000000088900000|100%|HC|  |TAMS 0x0000000088900000, 0x0000000088800000| Complete 
| 137|0x0000000088900000, 0x0000000088a00000, 0x0000000088a00000|100%|HC|  |TAMS 0x0000000088a00000, 0x0000000088900000| Complete 
| 138|0x0000000088a00000, 0x0000000088b00000, 0x0000000088b00000|100%|HS|  |TAMS 0x0000000088b00000, 0x0000000088a00000| Complete 
| 139|0x0000000088b00000, 0x0000000088c00000, 0x0000000088c00000|100%|HC|  |TAMS 0x0000000088c00000, 0x0000000088b00000| Complete 
| 140|0x0000000088c00000, 0x0000000088d00000, 0x0000000088d00000|100%|HC|  |TAMS 0x0000000088d00000, 0x0000000088c00000| Complete 
| 141|0x0000000088d00000, 0x0000000088e00000, 0x0000000088e00000|100%|HC|  |TAMS 0x0000000088e00000, 0x0000000088d00000| Complete 
| 142|0x0000000088e00000, 0x0000000088f00000, 0x0000000088f00000|100%|HC|  |TAMS 0x0000000088f00000, 0x0000000088e00000| Complete 
| 143|0x0000000088f00000, 0x0000000089000000, 0x0000000089000000|100%| O|  |TAMS 0x0000000089000000, 0x0000000088f00000| Untracked 
| 144|0x0000000089000000, 0x0000000089100000, 0x0000000089100000|100%| O|  |TAMS 0x0000000089100000, 0x0000000089000000| Untracked 
| 145|0x0000000089100000, 0x0000000089200000, 0x0000000089200000|100%| O|  |TAMS 0x0000000089200000, 0x0000000089100000| Untracked 
| 146|0x0000000089200000, 0x0000000089300000, 0x0000000089300000|100%| O|  |TAMS 0x0000000089300000, 0x0000000089200000| Untracked 
| 147|0x0000000089300000, 0x0000000089400000, 0x0000000089400000|100%| O|  |TAMS 0x0000000089400000, 0x0000000089300000| Untracked 
| 148|0x0000000089400000, 0x0000000089500000, 0x0000000089500000|100%| O|  |TAMS 0x0000000089500000, 0x0000000089400000| Untracked 
| 149|0x0000000089500000, 0x0000000089600000, 0x0000000089600000|100%| O|  |TAMS 0x0000000089600000, 0x0000000089500000| Untracked 
| 150|0x0000000089600000, 0x0000000089700000, 0x0000000089700000|100%| O|  |TAMS 0x0000000089700000, 0x0000000089600000| Untracked 
| 151|0x0000000089700000, 0x0000000089800000, 0x0000000089800000|100%| O|  |TAMS 0x0000000089800000, 0x0000000089700000| Untracked 
| 152|0x0000000089800000, 0x0000000089900000, 0x0000000089900000|100%| O|  |TAMS 0x0000000089900000, 0x0000000089800000| Untracked 
| 153|0x0000000089900000, 0x0000000089a00000, 0x0000000089a00000|100%|HS|  |TAMS 0x0000000089a00000, 0x0000000089900000| Complete 
| 154|0x0000000089a00000, 0x0000000089b00000, 0x0000000089b00000|100%|HC|  |TAMS 0x0000000089b00000, 0x0000000089a00000| Complete 
| 155|0x0000000089b00000, 0x0000000089c00000, 0x0000000089c00000|100%|HC|  |TAMS 0x0000000089c00000, 0x0000000089b00000| Complete 
| 156|0x0000000089c00000, 0x0000000089d00000, 0x0000000089d00000|100%|HS|  |TAMS 0x0000000089d00000, 0x0000000089c00000| Complete 
| 157|0x0000000089d00000, 0x0000000089e00000, 0x0000000089e00000|100%|HC|  |TAMS 0x0000000089e00000, 0x0000000089d00000| Complete 
| 158|0x0000000089e00000, 0x0000000089f00000, 0x0000000089f00000|100%|HC|  |TAMS 0x0000000089f00000, 0x0000000089e00000| Complete 
| 159|0x0000000089f00000, 0x000000008a000000, 0x000000008a000000|100%|HS|  |TAMS 0x000000008a000000, 0x0000000089f00000| Complete 
| 160|0x000000008a000000, 0x000000008a100000, 0x000000008a100000|100%|HC|  |TAMS 0x000000008a100000, 0x000000008a000000| Complete 
| 161|0x000000008a100000, 0x000000008a200000, 0x000000008a200000|100%|HS|  |TAMS 0x000000008a200000, 0x000000008a100000| Complete 
| 162|0x000000008a200000, 0x000000008a300000, 0x000000008a300000|100%|HC|  |TAMS 0x000000008a300000, 0x000000008a200000| Complete 
| 163|0x000000008a300000, 0x000000008a400000, 0x000000008a400000|100%|HC|  |TAMS 0x000000008a400000, 0x000000008a300000| Complete 
| 164|0x000000008a400000, 0x000000008a500000, 0x000000008a500000|100%|HC|  |TAMS 0x000000008a500000, 0x000000008a400000| Complete 
| 165|0x000000008a500000, 0x000000008a600000, 0x000000008a600000|100%|HC|  |TAMS 0x000000008a600000, 0x000000008a500000| Complete 
| 166|0x000000008a600000, 0x000000008a700000, 0x000000008a700000|100%|HS|  |TAMS 0x000000008a700000, 0x000000008a600000| Complete 
| 167|0x000000008a700000, 0x000000008a800000, 0x000000008a800000|100%|HC|  |TAMS 0x000000008a800000, 0x000000008a700000| Complete 
| 168|0x000000008a800000, 0x000000008a900000, 0x000000008a900000|100%|HC|  |TAMS 0x000000008a900000, 0x000000008a800000| Complete 
| 169|0x000000008a900000, 0x000000008aa00000, 0x000000008aa00000|100%|HC|  |TAMS 0x000000008aa00000, 0x000000008a900000| Complete 
| 170|0x000000008aa00000, 0x000000008ab00000, 0x000000008ab00000|100%|HC|  |TAMS 0x000000008ab00000, 0x000000008aa00000| Complete 
| 171|0x000000008ab00000, 0x000000008ac00000, 0x000000008ac00000|100%|HC|  |TAMS 0x000000008ac00000, 0x000000008ab00000| Complete 
| 172|0x000000008ac00000, 0x000000008ad00000, 0x000000008ad00000|100%|HC|  |TAMS 0x000000008ad00000, 0x000000008ac00000| Complete 
| 173|0x000000008ad00000, 0x000000008ae00000, 0x000000008ae00000|100%|HC|  |TAMS 0x000000008ae00000, 0x000000008ad00000| Complete 
| 174|0x000000008ae00000, 0x000000008af00000, 0x000000008af00000|100%|HC|  |TAMS 0x000000008af00000, 0x000000008ae00000| Complete 
| 175|0x000000008af00000, 0x000000008b000000, 0x000000008b000000|100%|HC|  |TAMS 0x000000008b000000, 0x000000008af00000| Complete 
| 176|0x000000008b000000, 0x000000008b100000, 0x000000008b100000|100%|HS|  |TAMS 0x000000008b100000, 0x000000008b000000| Complete 
| 177|0x000000008b100000, 0x000000008b200000, 0x000000008b200000|100%|HC|  |TAMS 0x000000008b200000, 0x000000008b100000| Complete 
| 178|0x000000008b200000, 0x000000008b300000, 0x000000008b300000|100%| O|  |TAMS 0x000000008b300000, 0x000000008b200000| Untracked 
| 179|0x000000008b300000, 0x000000008b300000, 0x000000008b400000|  0%| F|  |TAMS 0x000000008b300000, 0x000000008b300000| Untracked 
| 180|0x000000008b400000, 0x000000008b400000, 0x000000008b500000|  0%| F|  |TAMS 0x000000008b400000, 0x000000008b400000| Untracked 
| 181|0x000000008b500000, 0x000000008b600000, 0x000000008b600000|100%| O|  |TAMS 0x000000008b600000, 0x000000008b500000| Untracked 
| 182|0x000000008b600000, 0x000000008b600000, 0x000000008b700000|  0%| F|  |TAMS 0x000000008b600000, 0x000000008b600000| Untracked 
| 183|0x000000008b700000, 0x000000008b759740, 0x000000008b800000| 34%| S|CS|TAMS 0x000000008b700000, 0x000000008b700000| Complete 
| 184|0x000000008b800000, 0x000000008b900000, 0x000000008b900000|100%| O|  |TAMS 0x000000008b900000, 0x000000008b800000| Untracked 
| 185|0x000000008b900000, 0x000000008ba00000, 0x000000008ba00000|100%| O|  |TAMS 0x000000008ba00000, 0x000000008b900000| Untracked 
| 186|0x000000008ba00000, 0x000000008bb00000, 0x000000008bb00000|100%| O|  |TAMS 0x000000008bb00000, 0x000000008ba00000| Untracked 
| 187|0x000000008bb00000, 0x000000008bc00000, 0x000000008bc00000|100%| O|  |TAMS 0x000000008bc00000, 0x000000008bb00000| Untracked 
| 188|0x000000008bc00000, 0x000000008bd00000, 0x000000008bd00000|100%| O|  |TAMS 0x000000008bd00000, 0x000000008bc00000| Untracked 
| 189|0x000000008bd00000, 0x000000008be00000, 0x000000008be00000|100%| O|  |TAMS 0x000000008be00000, 0x000000008bd00000| Untracked 
| 190|0x000000008be00000, 0x000000008bf00000, 0x000000008bf00000|100%| S|CS|TAMS 0x000000008be00000, 0x000000008be00000| Complete 
| 191|0x000000008bf00000, 0x000000008bf00000, 0x000000008c000000|  0%| F|  |TAMS 0x000000008bf00000, 0x000000008bf00000| Untracked 
| 192|0x000000008c000000, 0x000000008c000000, 0x000000008c100000|  0%| F|  |TAMS 0x000000008c000000, 0x000000008c000000| Untracked 
| 193|0x000000008c100000, 0x000000008c100000, 0x000000008c200000|  0%| F|  |TAMS 0x000000008c100000, 0x000000008c100000| Untracked 
| 194|0x000000008c200000, 0x000000008c200000, 0x000000008c300000|  0%| F|  |TAMS 0x000000008c200000, 0x000000008c200000| Untracked 
| 195|0x000000008c300000, 0x000000008c300000, 0x000000008c400000|  0%| F|  |TAMS 0x000000008c300000, 0x000000008c300000| Untracked 
| 196|0x000000008c400000, 0x000000008c400000, 0x000000008c500000|  0%| F|  |TAMS 0x000000008c400000, 0x000000008c400000| Untracked 
| 197|0x000000008c500000, 0x000000008c500000, 0x000000008c600000|  0%| F|  |TAMS 0x000000008c500000, 0x000000008c500000| Untracked 
| 198|0x000000008c600000, 0x000000008c700000, 0x000000008c700000|100%| O|  |TAMS 0x000000008c700000, 0x000000008c600000| Untracked 
| 199|0x000000008c700000, 0x000000008c800000, 0x000000008c800000|100%| O|  |TAMS 0x000000008c800000, 0x000000008c700000| Untracked 
| 200|0x000000008c800000, 0x000000008c800000, 0x000000008c900000|  0%| F|  |TAMS 0x000000008c800000, 0x000000008c800000| Untracked 
| 201|0x000000008c900000, 0x000000008c900000, 0x000000008ca00000|  0%| F|  |TAMS 0x000000008c900000, 0x000000008c900000| Untracked 
| 202|0x000000008ca00000, 0x000000008ca00000, 0x000000008cb00000|  0%| F|  |TAMS 0x000000008ca00000, 0x000000008ca00000| Untracked 
| 203|0x000000008cb00000, 0x000000008cb00000, 0x000000008cc00000|  0%| F|  |TAMS 0x000000008cb00000, 0x000000008cb00000| Untracked 
| 204|0x000000008cc00000, 0x000000008cc00000, 0x000000008cd00000|  0%| F|  |TAMS 0x000000008cc00000, 0x000000008cc00000| Untracked 
| 205|0x000000008cd00000, 0x000000008cd00000, 0x000000008ce00000|  0%| F|  |TAMS 0x000000008cd00000, 0x000000008cd00000| Untracked 
| 206|0x000000008ce00000, 0x000000008ce00000, 0x000000008cf00000|  0%| F|  |TAMS 0x000000008ce00000, 0x000000008ce00000| Untracked 
| 207|0x000000008cf00000, 0x000000008cf00000, 0x000000008d000000|  0%| F|  |TAMS 0x000000008cf00000, 0x000000008cf00000| Untracked 
| 208|0x000000008d000000, 0x000000008d000000, 0x000000008d100000|  0%| F|  |TAMS 0x000000008d000000, 0x000000008d000000| Untracked 
| 209|0x000000008d100000, 0x000000008d100000, 0x000000008d200000|  0%| F|  |TAMS 0x000000008d100000, 0x000000008d100000| Untracked 
| 210|0x000000008d200000, 0x000000008d200000, 0x000000008d300000|  0%| F|  |TAMS 0x000000008d200000, 0x000000008d200000| Untracked 
| 211|0x000000008d300000, 0x000000008d300000, 0x000000008d400000|  0%| F|  |TAMS 0x000000008d300000, 0x000000008d300000| Untracked 
| 212|0x000000008d400000, 0x000000008d400000, 0x000000008d500000|  0%| F|  |TAMS 0x000000008d400000, 0x000000008d400000| Untracked 
| 213|0x000000008d500000, 0x000000008d500000, 0x000000008d600000|  0%| F|  |TAMS 0x000000008d500000, 0x000000008d500000| Untracked 
| 214|0x000000008d600000, 0x000000008d600000, 0x000000008d700000|  0%| F|  |TAMS 0x000000008d600000, 0x000000008d600000| Untracked 
| 215|0x000000008d700000, 0x000000008d700000, 0x000000008d800000|  0%| F|  |TAMS 0x000000008d700000, 0x000000008d700000| Untracked 
| 216|0x000000008d800000, 0x000000008d800000, 0x000000008d900000|  0%| F|  |TAMS 0x000000008d800000, 0x000000008d800000| Untracked 
| 217|0x000000008d900000, 0x000000008d900000, 0x000000008da00000|  0%| F|  |TAMS 0x000000008d900000, 0x000000008d900000| Untracked 
| 218|0x000000008da00000, 0x000000008da00000, 0x000000008db00000|  0%| F|  |TAMS 0x000000008da00000, 0x000000008da00000| Untracked 
| 219|0x000000008db00000, 0x000000008db00000, 0x000000008dc00000|  0%| F|  |TAMS 0x000000008db00000, 0x000000008db00000| Untracked 
| 220|0x000000008dc00000, 0x000000008dc00000, 0x000000008dd00000|  0%| F|  |TAMS 0x000000008dc00000, 0x000000008dc00000| Untracked 
| 221|0x000000008dd00000, 0x000000008dd00000, 0x000000008de00000|  0%| F|  |TAMS 0x000000008dd00000, 0x000000008dd00000| Untracked 
| 222|0x000000008de00000, 0x000000008de00000, 0x000000008df00000|  0%| F|  |TAMS 0x000000008de00000, 0x000000008de00000| Untracked 
| 223|0x000000008df00000, 0x000000008df00000, 0x000000008e000000|  0%| F|  |TAMS 0x000000008df00000, 0x000000008df00000| Untracked 
| 224|0x000000008e000000, 0x000000008e000000, 0x000000008e100000|  0%| F|  |TAMS 0x000000008e000000, 0x000000008e000000| Untracked 
| 225|0x000000008e100000, 0x000000008e100000, 0x000000008e200000|  0%| F|  |TAMS 0x000000008e100000, 0x000000008e100000| Untracked 
| 226|0x000000008e200000, 0x000000008e200000, 0x000000008e300000|  0%| F|  |TAMS 0x000000008e200000, 0x000000008e200000| Untracked 
| 227|0x000000008e300000, 0x000000008e367e38, 0x000000008e400000| 40%| E|  |TAMS 0x000000008e300000, 0x000000008e300000| Complete 
| 228|0x000000008e400000, 0x000000008e500000, 0x000000008e500000|100%| E|CS|TAMS 0x000000008e400000, 0x000000008e400000| Complete 
| 229|0x000000008e500000, 0x000000008e600000, 0x000000008e600000|100%| E|CS|TAMS 0x000000008e500000, 0x000000008e500000| Complete 
| 230|0x000000008e600000, 0x000000008e700000, 0x000000008e700000|100%| E|CS|TAMS 0x000000008e600000, 0x000000008e600000| Complete 
| 231|0x000000008e700000, 0x000000008e800000, 0x000000008e800000|100%| E|CS|TAMS 0x000000008e700000, 0x000000008e700000| Complete 
| 232|0x000000008e800000, 0x000000008e900000, 0x000000008e900000|100%| E|CS|TAMS 0x000000008e800000, 0x000000008e800000| Complete 
| 233|0x000000008e900000, 0x000000008ea00000, 0x000000008ea00000|100%| E|CS|TAMS 0x000000008e900000, 0x000000008e900000| Complete 
| 234|0x000000008ea00000, 0x000000008eb00000, 0x000000008eb00000|100%| E|  |TAMS 0x000000008ea00000, 0x000000008ea00000| Complete 
| 235|0x000000008eb00000, 0x000000008ec00000, 0x000000008ec00000|100%| E|CS|TAMS 0x000000008eb00000, 0x000000008eb00000| Complete 
| 236|0x000000008ec00000, 0x000000008ed00000, 0x000000008ed00000|100%| E|CS|TAMS 0x000000008ec00000, 0x000000008ec00000| Complete 
| 237|0x000000008ed00000, 0x000000008ee00000, 0x000000008ee00000|100%| E|CS|TAMS 0x000000008ed00000, 0x000000008ed00000| Complete 
| 238|0x000000008ee00000, 0x000000008ef00000, 0x000000008ef00000|100%| E|CS|TAMS 0x000000008ee00000, 0x000000008ee00000| Complete 
| 239|0x000000008ef00000, 0x000000008f000000, 0x000000008f000000|100%| E|CS|TAMS 0x000000008ef00000, 0x000000008ef00000| Complete 
| 240|0x000000008f000000, 0x000000008f100000, 0x000000008f100000|100%| E|CS|TAMS 0x000000008f000000, 0x000000008f000000| Complete 
| 241|0x000000008f100000, 0x000000008f200000, 0x000000008f200000|100%| E|CS|TAMS 0x000000008f100000, 0x000000008f100000| Complete 

Card table byte_map: [0x0000025c7d270000,0x0000025c7d670000] _byte_map_base: 0x0000025c7ce70000

Marking Bits (Prev, Next): (CMBitMap*) 0x0000025c7afa5560, (CMBitMap*) 0x0000025c7afa5528
 Prev Bits: [0x0000025c12a50000, 0x0000025c14a50000)
 Next Bits: [0x0000025c7da70000, 0x0000025c7fa70000)

Polling page: 0x0000025c7b040000

Metaspace:

Usage:
  Non-class:     91.05 MB capacity,    88.98 MB ( 98%) used,     1.73 MB (  2%) free+waste,   352.31 KB ( <1%) overhead. 
      Class:     14.09 MB capacity,    12.90 MB ( 92%) used,     1.04 MB (  7%) free+waste,   156.62 KB (  1%) overhead. 
       Both:    105.15 MB capacity,   101.88 MB ( 97%) used,     2.77 MB (  3%) free+waste,   508.94 KB ( <1%) overhead. 

Virtual space:
  Non-class space:       92.00 MB reserved,      91.13 MB (>99%) committed 
      Class space:        1.00 GB reserved,      14.15 MB (  1%) committed 
             Both:        1.09 GB reserved,     105.28 MB (  9%) committed 

Chunk freelists:
   Non-Class:  15.00 KB
       Class:  0 bytes
        Both:  15.00 KB

MaxMetaspaceSize: 17179869184.00 GB
CompressedClassSpaceSize: 1.00 GB
Initial GC threshold: 20.80 MB
Current GC threshold: 175.46 MB
CDS: off

CodeHeap 'non-profiled nmethods': size=120064Kb used=10115Kb max_used=10115Kb free=109948Kb
 bounds [0x0000025c0b510000, 0x0000025c0bf00000, 0x0000025c12a50000]
CodeHeap 'profiled nmethods': size=120000Kb used=33783Kb max_used=33783Kb free=86216Kb
 bounds [0x0000025c03fe0000, 0x0000025c060e0000, 0x0000025c0b510000]
CodeHeap 'non-nmethods': size=5696Kb used=2435Kb max_used=2483Kb free=3260Kb
 bounds [0x0000025c03a50000, 0x0000025c03cd0000, 0x0000025c03fe0000]
 total_blobs=16279 nmethods=15318 adapters=872
 compilation: enabled
              stopped_count=0, restarted_count=0
 full_count=0

Compilation events (20 events):
Event: 429.707 Thread 0x0000025c16c2b800 15559       1       org.gradle.internal.component.local.model.DslOriginDependencyMetadataWrapper::getArtifacts (5 bytes)
Event: 429.707 Thread 0x0000025c16c2b800 nmethod 15559 0x0000025c0bef0b10 code [0x0000025c0bef0cc0, 0x0000025c0bef0d78]
Event: 429.721 Thread 0x0000025c16c2b800 15560       3       org.gradle.api.internal.attributes.DefaultImmutableAttributesFactory::safeConcat (173 bytes)
Event: 429.722 Thread 0x0000025c16c2b800 nmethod 15560 0x0000025c060d4610 code [0x0000025c060d4940, 0x0000025c060d5da8]
Event: 429.724 Thread 0x0000025c16c2b800 15561       3       org.gradle.api.internal.artifacts.ivyservice.resolveengine.graph.builder.NodeState::prepareForConstraintNoLongerPending (34 bytes)
Event: 429.725 Thread 0x0000025c16c2b800 nmethod 15561 0x0000025c060d6390 code [0x0000025c060d6600, 0x0000025c060d6f48]
Event: 429.750 Thread 0x0000025c16c2b800 15562       3       org.gradle.api.internal.artifacts.ivyservice.resolveengine.graph.builder.ModuleResolveState::maybeUpdateSelection (119 bytes)
Event: 429.751 Thread 0x0000025c16c2b800 nmethod 15562 0x0000025c060d7290 code [0x0000025c060d74e0, 0x0000025c060d7e18]
Event: 429.759 Thread 0x0000025c16c2b800 15563       3       org.gradle.api.internal.artifacts.ivyservice.resolveengine.result.StreamingResolutionResultBuilder$$Lambda$542/0x0000000100657c40::write (13 bytes)
Event: 429.760 Thread 0x0000025c16c2b800 nmethod 15563 0x0000025c060d8090 code [0x0000025c060d8240, 0x0000025c060d8388]
Event: 429.760 Thread 0x0000025c16c2b800 15564       3       org.gradle.api.internal.artifacts.ivyservice.resolveengine.result.StreamingResolutionResultBuilder::lambda$visitSelector$2 (37 bytes)
Event: 429.760 Thread 0x0000025c16c2b800 nmethod 15564 0x0000025c060d8490 code [0x0000025c060d86a0, 0x0000025c060d8b58]
Event: 429.760 Thread 0x0000025c16c2b800 15565       3       org.gradle.api.internal.attributes.AttributeDesugaring::desugarSelector (140 bytes)
Event: 429.763 Thread 0x0000025c16c2b800 nmethod 15565 0x0000025c060d8d90 code [0x0000025c060d9140, 0x0000025c060daed8]
Event: 429.770 Thread 0x0000025c16c2b800 15570       3       org.gradle.internal.component.external.model.UrlBackedArtifactMetadata::<init> (30 bytes)
Event: 429.771 Thread 0x0000025c16c2b800 nmethod 15570 0x0000025c060db610 code [0x0000025c060db820, 0x0000025c060dbfd8]
Event: 429.771 Thread 0x0000025c16c2b800 15571       3       org.gradle.internal.component.external.model.UrlBackedArtifactMetadata::createArtifactId (30 bytes)
Event: 429.772 Thread 0x0000025c16c2b800 nmethod 15571 0x0000025c060dc210 code [0x0000025c060dc440, 0x0000025c060dcc88]
Event: 429.806 Thread 0x0000025c16c2b800 15572       3       sun.nio.ch.FileLockTable::checkList (89 bytes)
Event: 429.807 Thread 0x0000025c16c2b800 nmethod 15572 0x0000025c060dcf10 code [0x0000025c060dd140, 0x0000025c060dda38]

GC Heap History (20 events):
Event: 414.614 GC heap before
{Heap before GC invocations=90 (full 0):
 garbage-first heap   total 205824K, used 193579K [0x0000000080000000, 0x0000000100000000)
  region size 1024K, 10 young (10240K), 1 survivors (1024K)
 Metaspace       used 98239K, capacity 101472K, committed 101660K, reserved 1136640K
  class space    used 12640K, capacity 13856K, committed 13976K, reserved 1048576K
}
Event: 414.623 GC heap after
{Heap after GC invocations=91 (full 0):
 garbage-first heap   total 205824K, used 185856K [0x0000000080000000, 0x0000000100000000)
  region size 1024K, 2 young (2048K), 2 survivors (2048K)
 Metaspace       used 98239K, capacity 101472K, committed 101660K, reserved 1136640K
  class space    used 12640K, capacity 13856K, committed 13976K, reserved 1048576K
}
Event: 414.624 GC heap before
{Heap before GC invocations=91 (full 0):
 garbage-first heap   total 205824K, used 185856K [0x0000000080000000, 0x0000000100000000)
  region size 1024K, 3 young (3072K), 2 survivors (2048K)
 Metaspace       used 98239K, capacity 101472K, committed 101660K, reserved 1136640K
  class space    used 12640K, capacity 13856K, committed 13976K, reserved 1048576K
}
Event: 414.629 GC heap after
{Heap after GC invocations=92 (full 0):
 garbage-first heap   total 205824K, used 186180K [0x0000000080000000, 0x0000000100000000)
  region size 1024K, 2 young (2048K), 2 survivors (2048K)
 Metaspace       used 98239K, capacity 101472K, committed 101660K, reserved 1136640K
  class space    used 12640K, capacity 13856K, committed 13976K, reserved 1048576K
}
Event: 415.196 GC heap before
{Heap before GC invocations=93 (full 0):
 garbage-first heap   total 205824K, used 195396K [0x0000000080000000, 0x0000000100000000)
  region size 1024K, 10 young (10240K), 2 survivors (2048K)
 Metaspace       used 99665K, capacity 102947K, committed 103068K, reserved 1138688K
  class space    used 12747K, capacity 13984K, committed 14104K, reserved 1048576K
}
Event: 415.201 GC heap after
{Heap after GC invocations=94 (full 0):
 garbage-first heap   total 205824K, used 185770K [0x0000000080000000, 0x0000000100000000)
  region size 1024K, 1 young (1024K), 1 survivors (1024K)
 Metaspace       used 99665K, capacity 102947K, committed 103068K, reserved 1138688K
  class space    used 12747K, capacity 13984K, committed 14104K, reserved 1048576K
}
Event: 416.271 GC heap before
{Heap before GC invocations=94 (full 0):
 garbage-first heap   total 205824K, used 194986K [0x0000000080000000, 0x0000000100000000)
  region size 1024K, 10 young (10240K), 1 survivors (1024K)
 Metaspace       used 100505K, capacity 103763K, committed 103964K, reserved 1138688K
  class space    used 12853K, capacity 14085K, committed 14232K, reserved 1048576K
}
Event: 416.277 GC heap after
{Heap after GC invocations=95 (full 0):
 garbage-first heap   total 205824K, used 186097K [0x0000000080000000, 0x0000000100000000)
  region size 1024K, 1 young (1024K), 1 survivors (1024K)
 Metaspace       used 100505K, capacity 103763K, committed 103964K, reserved 1138688K
  class space    used 12853K, capacity 14085K, committed 14232K, reserved 1048576K
}
Event: 418.721 GC heap before
{Heap before GC invocations=96 (full 0):
 garbage-first heap   total 205824K, used 195313K [0x0000000080000000, 0x0000000100000000)
  region size 1024K, 10 young (10240K), 1 survivors (1024K)
 Metaspace       used 101595K, capacity 104894K, committed 104988K, reserved 1140736K
  class space    used 12968K, capacity 14195K, committed 14232K, reserved 1048576K
}
Event: 418.733 GC heap after
{Heap after GC invocations=97 (full 0):
 garbage-first heap   total 205824K, used 187258K [0x0000000080000000, 0x0000000100000000)
  region size 1024K, 2 young (2048K), 2 survivors (2048K)
 Metaspace       used 101595K, capacity 104894K, committed 104988K, reserved 1140736K
  class space    used 12968K, capacity 14195K, committed 14232K, reserved 1048576K
}
Event: 419.139 GC heap before
{Heap before GC invocations=97 (full 0):
 garbage-first heap   total 205824K, used 194426K [0x0000000080000000, 0x0000000100000000)
  region size 1024K, 10 young (10240K), 2 survivors (2048K)
 Metaspace       used 102779K, capacity 106174K, committed 106396K, reserved 1140736K
  class space    used 13088K, capacity 14323K, committed 14360K, reserved 1048576K
}
Event: 419.156 GC heap after
{Heap after GC invocations=98 (full 0):
 garbage-first heap   total 205824K, used 187228K [0x0000000080000000, 0x0000000100000000)
  region size 1024K, 1 young (1024K), 1 survivors (1024K)
 Metaspace       used 102779K, capacity 106174K, committed 106396K, reserved 1140736K
  class space    used 13088K, capacity 14323K, committed 14360K, reserved 1048576K
}
Event: 420.168 GC heap before
{Heap before GC invocations=98 (full 0):
 garbage-first heap   total 205824K, used 196444K [0x0000000080000000, 0x0000000100000000)
  region size 1024K, 10 young (10240K), 1 survivors (1024K)
 Metaspace       used 103880K, capacity 107222K, committed 107548K, reserved 1142784K
  class space    used 13158K, capacity 14393K, committed 14488K, reserved 1048576K
}
Event: 420.176 GC heap after
{Heap after GC invocations=99 (full 0):
 garbage-first heap   total 205824K, used 188112K [0x0000000080000000, 0x0000000100000000)
  region size 1024K, 2 young (2048K), 2 survivors (2048K)
 Metaspace       used 103880K, capacity 107222K, committed 107548K, reserved 1142784K
  class space    used 13158K, capacity 14393K, committed 14488K, reserved 1048576K
}
Event: 421.100 GC heap before
{Heap before GC invocations=100 (full 0):
 garbage-first heap   total 205824K, used 195280K [0x0000000080000000, 0x0000000100000000)
  region size 1024K, 10 young (10240K), 2 survivors (2048K)
 Metaspace       used 103945K, capacity 107365K, committed 107548K, reserved 1142784K
  class space    used 13164K, capacity 14396K, committed 14488K, reserved 1048576K
}
Event: 421.108 GC heap after
{Heap after GC invocations=101 (full 0):
 garbage-first heap   total 205824K, used 189461K [0x0000000080000000, 0x0000000100000000)
  region size 1024K, 2 young (2048K), 2 survivors (2048K)
 Metaspace       used 103945K, capacity 107365K, committed 107548K, reserved 1142784K
  class space    used 13164K, capacity 14396K, committed 14488K, reserved 1048576K
}
Event: 422.419 GC heap before
{Heap before GC invocations=101 (full 0):
 garbage-first heap   total 205824K, used 197653K [0x0000000080000000, 0x0000000100000000)
  region size 1024K, 10 young (10240K), 2 survivors (2048K)
 Metaspace       used 104048K, capacity 107429K, committed 107548K, reserved 1142784K
  class space    used 13177K, capacity 14396K, committed 14488K, reserved 1048576K
}
Event: 422.435 GC heap after
{Heap after GC invocations=102 (full 0):
 garbage-first heap   total 205824K, used 190797K [0x0000000080000000, 0x0000000100000000)
  region size 1024K, 2 young (2048K), 2 survivors (2048K)
 Metaspace       used 104048K, capacity 107429K, committed 107548K, reserved 1142784K
  class space    used 13177K, capacity 14396K, committed 14488K, reserved 1048576K
}
Event: 426.655 GC heap before
{Heap before GC invocations=102 (full 0):
 garbage-first heap   total 205824K, used 198989K [0x0000000080000000, 0x0000000100000000)
  region size 1024K, 10 young (10240K), 2 survivors (2048K)
 Metaspace       used 104252K, capacity 107597K, committed 107804K, reserved 1142784K
  class space    used 13201K, capacity 14430K, committed 14488K, reserved 1048576K
}
Event: 426.662 GC heap after
{Heap after GC invocations=103 (full 0):
 garbage-first heap   total 247808K, used 191226K [0x0000000080000000, 0x0000000100000000)
  region size 1024K, 2 young (2048K), 2 survivors (2048K)
 Metaspace       used 104252K, capacity 107597K, committed 107804K, reserved 1142784K
  class space    used 13201K, capacity 14430K, committed 14488K, reserved 1048576K
}

Deoptimization events (20 events):
Event: 429.406 Thread 0x0000025c19b0d000 Uncommon trap: trap_request=0xffffff4d fr.pc=0x0000025c0bc07f2c relative=0x0000000000001c4c
Event: 429.406 Thread 0x0000025c19b0d000 Uncommon trap: reason=unstable_if action=reinterpret pc=0x0000025c0bc07f2c method=java.util.concurrent.ConcurrentHashMap.addCount(JI)V @ 168 c2
Event: 429.406 Thread 0x0000025c19b0d000 DEOPT PACKING pc=0x0000025c0bc07f2c sp=0x000000ca989fe330
Event: 429.449 Thread 0x0000025c19b0d000 DEOPT UNPACKING pc=0x0000025c03a9a1af sp=0x000000ca989fe200 mode 2
Event: 429.573 Thread 0x0000025c1c319800 Uncommon trap: trap_request=0xffffff4d fr.pc=0x0000025c0b5d15d8 relative=0x0000000000000ff8
Event: 429.573 Thread 0x0000025c1c319800 Uncommon trap: reason=unstable_if action=reinterpret pc=0x0000025c0b5d15d8 method=java.util.concurrent.ConcurrentHashMap.transfer([Ljava/util/concurrent/ConcurrentHashMap$Node;[Ljava/util/concurrent/ConcurrentHashMap$Node;)V @ 347 c2
Event: 429.574 Thread 0x0000025c1c319800 DEOPT PACKING pc=0x0000025c0b5d15d8 sp=0x000000ca999fe400
Event: 429.574 Thread 0x0000025c1c319800 DEOPT UNPACKING pc=0x0000025c03a9a1af sp=0x000000ca999fe388 mode 2
Event: 429.581 Thread 0x0000025c1b804800 Uncommon trap: trap_request=0xffffffc6 fr.pc=0x0000025c0bc9796c relative=0x0000000000000fec
Event: 429.581 Thread 0x0000025c1b804800 Uncommon trap: reason=bimorphic_or_optimized_type_check action=maybe_recompile pc=0x0000025c0bc9796c method=org.gradle.internal.component.model.ComponentAttributeMatcher$CachedQuery.of(Lorg/gradle/internal/component/model/AttributeSelectionSchema;Lorg/gra
Event: 429.581 Thread 0x0000025c1b804800 DEOPT PACKING pc=0x0000025c0bc9796c sp=0x000000ca965f9150
Event: 429.583 Thread 0x0000025c1b804800 DEOPT UNPACKING pc=0x0000025c03a9a1af sp=0x000000ca965f9118 mode 2
Event: 429.583 Thread 0x0000025c1b804800 Uncommon trap: trap_request=0xffffffc6 fr.pc=0x0000025c0b993738 relative=0x0000000000000058
Event: 429.583 Thread 0x0000025c1b804800 Uncommon trap: reason=bimorphic_or_optimized_type_check action=maybe_recompile pc=0x0000025c0b993738 method=com.google.common.collect.ImmutableList.copyOf(Ljava/util/Collection;)Lcom/google/common/collect/ImmutableList; @ 11 c2
Event: 429.583 Thread 0x0000025c1b804800 DEOPT PACKING pc=0x0000025c0b993738 sp=0x000000ca965f90e0
Event: 429.583 Thread 0x0000025c1b804800 DEOPT UNPACKING pc=0x0000025c03a9a1af sp=0x000000ca965f90a8 mode 2
Event: 429.692 Thread 0x0000025c1b804800 Uncommon trap: trap_request=0xffffff4d fr.pc=0x0000025c0bafc1f4 relative=0x0000000000000114
Event: 429.692 Thread 0x0000025c1b804800 Uncommon trap: reason=unstable_if action=reinterpret pc=0x0000025c0bafc1f4 method=com.google.common.cache.LocalCache$Segment.expireEntries(J)V @ 84 c2
Event: 429.692 Thread 0x0000025c1b804800 DEOPT PACKING pc=0x0000025c0bafc1f4 sp=0x000000ca965f8070
Event: 429.692 Thread 0x0000025c1b804800 DEOPT UNPACKING pc=0x0000025c03a9a1af sp=0x000000ca965f8010 mode 2

Classes redefined (0 events):
No events

Internal exceptions (20 events):
Event: 413.083 Thread 0x0000025c1b804800 Exception <a 'java/lang/ClassNotFoundException'{0x000000008c300188}: org/gradle/internal/extensibility/ExtensionsStorage$ExtensionHolderBeanInfo> (0x000000008c300188) thrown at [src/hotspot/share/classfile/systemDictionary.cpp, line 230]
Event: 413.083 Thread 0x0000025c1b804800 Exception <a 'java/lang/ClassNotFoundException'{0x000000008c319818}: org/gradle/internal/extensibility/ExtensionsStorage$ExtensionHolderCustomizer> (0x000000008c319818) thrown at [src/hotspot/share/classfile/systemDictionary.cpp, line 230]
Event: 413.173 Thread 0x0000025c1b804800 Exception <a 'java/lang/ClassNotFoundException'{0x000000008c479090}: org/codehaus/groovy/runtime/NullObjectBeanInfo> (0x000000008c479090) thrown at [src/hotspot/share/classfile/systemDictionary.cpp, line 230]
Event: 413.179 Thread 0x0000025c1b804800 Exception <a 'java/lang/ClassNotFoundException'{0x000000008c1b5588}: org/codehaus/groovy/runtime/NullObjectCustomizer> (0x000000008c1b5588) thrown at [src/hotspot/share/classfile/systemDictionary.cpp, line 230]
Event: 413.469 Thread 0x0000025c1a06b000 Exception <a 'java/lang/NoSuchMethodError'{0x000000008b6def38}: <clinit>> (0x000000008b6def38) thrown at [src/hotspot/share/prims/jni.cpp, line 1367]
Event: 413.602 Thread 0x0000025c1a06b000 Exception <a 'java/lang/NoSuchMethodError'{0x000000008c4217c8}: <clinit>> (0x000000008c4217c8) thrown at [src/hotspot/share/prims/jni.cpp, line 1367]
Event: 413.607 Thread 0x0000025c1a06b000 Exception <a 'java/lang/NoSuchMethodError'{0x000000008c429de8}: <clinit>> (0x000000008c429de8) thrown at [src/hotspot/share/prims/jni.cpp, line 1367]
Event: 413.633 Thread 0x0000025c1a06b000 Exception <a 'java/lang/NoSuchMethodError'{0x000000008c432d50}: <clinit>> (0x000000008c432d50) thrown at [src/hotspot/share/prims/jni.cpp, line 1367]
Event: 413.649 Thread 0x0000025c1b804800 Exception <a 'java/lang/ClassNotFoundException'{0x000000008c1094e8}: org/gradle/api/internal/tasks/DefaultSourceSetContainer_DecoratedBeanInfo> (0x000000008c1094e8) thrown at [src/hotspot/share/classfile/systemDictionary.cpp, line 230]
Event: 413.649 Thread 0x0000025c1b804800 Exception <a 'java/lang/ClassNotFoundException'{0x000000008c12c998}: org/gradle/api/internal/tasks/DefaultSourceSetContainerBeanInfo> (0x000000008c12c998) thrown at [src/hotspot/share/classfile/systemDictionary.cpp, line 230]
Event: 413.650 Thread 0x0000025c1b804800 Exception <a 'java/lang/ClassNotFoundException'{0x000000008c14fee0}: org/gradle/api/internal/tasks/DefaultSourceSetContainerCustomizer> (0x000000008c14fee0) thrown at [src/hotspot/share/classfile/systemDictionary.cpp, line 230]
Event: 413.651 Thread 0x0000025c1b804800 Exception <a 'java/lang/ClassNotFoundException'{0x000000008c182590}: org/gradle/api/internal/tasks/DefaultSourceSetContainer_DecoratedCustomizer> (0x000000008c182590) thrown at [src/hotspot/share/classfile/systemDictionary.cpp, line 230]
Event: 414.986 Thread 0x0000025c1b804800 Implicit null exception at 0x0000025c0bd3dfb0 to 0x0000025c0bd3e088
Event: 416.028 Thread 0x0000025c1b804800 Exception <a 'sun/nio/fs/WindowsException'{0x000000008beff2a8}> (0x000000008beff2a8) thrown at [src/hotspot/share/prims/jni.cpp, line 617]
Event: 416.253 Thread 0x0000025c1b804800 Exception <a 'sun/nio/fs/WindowsException'{0x000000008b7a32e0}> (0x000000008b7a32e0) thrown at [src/hotspot/share/prims/jni.cpp, line 617]
Event: 416.258 Thread 0x0000025c1b804800 Exception <a 'sun/nio/fs/WindowsException'{0x000000008b7a4658}> (0x000000008b7a4658) thrown at [src/hotspot/share/prims/jni.cpp, line 617]
Event: 416.258 Thread 0x0000025c1b804800 Exception <a 'sun/nio/fs/WindowsException'{0x000000008b7a5a20}> (0x000000008b7a5a20) thrown at [src/hotspot/share/prims/jni.cpp, line 617]
Event: 416.259 Thread 0x0000025c1b804800 Exception <a 'sun/nio/fs/WindowsException'{0x000000008b7a6de8}> (0x000000008b7a6de8) thrown at [src/hotspot/share/prims/jni.cpp, line 617]
Event: 416.825 Thread 0x0000025c1b804800 Exception <a 'java/lang/NoSuchMethodError'{0x000000008c4fc208}: 'int java.lang.invoke.DirectMethodHandle$Holder.invokeSpecialIFC(java.lang.Object, java.lang.Object, java.lang.Object)'> (0x000000008c4fc208) thrown at [src/hotspot/share/interpreter/linkResolver.cpp, line 773]
Event: 422.437 Thread 0x0000025c1b804800 Implicit null exception at 0x0000025c0bc49df5 to 0x0000025c0bc4a004

Events (20 events):
Event: 429.614 loading class org/gradle/api/artifacts/component/BuildIdentifier
Event: 429.614 loading class org/gradle/api/artifacts/component/BuildIdentifier done
Event: 429.614 loading class com/android/build/gradle/internal/ide/v2/ProjectInfoImpl
Event: 429.614 loading class com/android/build/gradle/internal/ide/v2/ProjectInfoImpl done
Event: 429.615 loading class com/android/builder/model/v2/ide/ProjectInfo
Event: 429.615 loading class com/android/builder/model/v2/ide/ProjectInfo done
Event: 429.617 loading class com/android/build/gradle/internal/ide/v2/ProjectInfoImpl$Companion
Event: 429.617 loading class com/android/build/gradle/internal/ide/v2/ProjectInfoImpl$Companion done
Event: 429.618 loading class com/android/build/gradle/internal/ide/v2/ProjectInfoImpl$toKeyComponent$$inlined$sortedBy$1
Event: 429.618 loading class com/android/build/gradle/internal/ide/v2/ProjectInfoImpl$toKeyComponent$$inlined$sortedBy$1 done
Event: 429.620 loading class com/android/build/gradle/internal/ide/v2/ProjectInfoImpl$toKeyComponent$2
Event: 429.620 loading class com/android/build/gradle/internal/ide/v2/ProjectInfoImpl$toKeyComponent$2 done
Event: 429.693 loading class org/gradle/api/artifacts/component/ModuleComponentSelector
Event: 429.693 loading class org/gradle/api/artifacts/component/ModuleComponentSelector done
Event: 429.806 Executing VM operation: RevokeBias
Event: 429.806 Executing VM operation: RevokeBias done
Event: 429.806 Executing VM operation: RevokeBias
Event: 429.807 Executing VM operation: RevokeBias done
Event: 429.807 Executing VM operation: RevokeBias
Event: 429.807 Executing VM operation: RevokeBias done


Dynamic libraries:
0x00007ff786ee0000 - 0x00007ff786eea000 	D:\AndroidStudio\jbr\bin\java.exe
0x00007ffb11b80000 - 0x00007ffb11d89000 	C:\Windows\SYSTEM32\ntdll.dll
0x00007ffb0fb50000 - 0x00007ffb0fc0e000 	C:\Windows\System32\KERNEL32.DLL
0x00007ffb0f650000 - 0x00007ffb0f9cc000 	C:\Windows\System32\KERNELBASE.dll
0x00007ffb0f530000 - 0x00007ffb0f641000 	C:\Windows\System32\ucrtbase.dll
0x00007ffb01720000 - 0x00007ffb01737000 	D:\AndroidStudio\jbr\bin\jli.dll
0x00007ffb10d30000 - 0x00007ffb10edd000 	C:\Windows\System32\USER32.dll
0x00007ffb02760000 - 0x00007ffb02a05000 	C:\Windows\WinSxS\amd64_microsoft.windows.common-controls_6595b64144ccf1df_6.0.22000.120_none_9d947278b86cc467\COMCTL32.dll
0x00007ffb0faa0000 - 0x00007ffb0fb43000 	C:\Windows\System32\msvcrt.dll
0x00007ffb0f9d0000 - 0x00007ffb0f9f6000 	C:\Windows\System32\win32u.dll
0x00007ffb0fe20000 - 0x00007ffb0fe49000 	C:\Windows\System32\GDI32.dll
0x00007ffb0f320000 - 0x00007ffb0f438000 	C:\Windows\System32\gdi32full.dll
0x00007ffb0f280000 - 0x00007ffb0f31d000 	C:\Windows\System32\msvcp_win.dll
0x00007ffafdf90000 - 0x00007ffafdfab000 	D:\AndroidStudio\jbr\bin\VCRUNTIME140.dll
0x00007ffb0fc10000 - 0x00007ffb0fc41000 	C:\Windows\System32\IMM32.DLL
0x00007ffb00d60000 - 0x00007ffb00d6c000 	D:\AndroidStudio\jbr\bin\vcruntime140_1.dll
0x00007ffafb630000 - 0x00007ffafb6bd000 	D:\AndroidStudio\jbr\bin\msvcp140.dll
0x00007ffafbff0000 - 0x00007ffafcbac000 	D:\AndroidStudio\jbr\bin\server\jvm.dll
0x00007ffb109c0000 - 0x00007ffb10a6e000 	C:\Windows\System32\ADVAPI32.dll
0x00007ffb0fa00000 - 0x00007ffb0fa9e000 	C:\Windows\System32\sechost.dll
0x00007ffb11020000 - 0x00007ffb11140000 	C:\Windows\System32\RPCRT4.dll
0x00007ffb0fe50000 - 0x00007ffb0fe58000 	C:\Windows\System32\PSAPI.DLL
0x00007ffb01e20000 - 0x00007ffb01e29000 	C:\Windows\SYSTEM32\WSOCK32.dll
0x00007ffb0fcd0000 - 0x00007ffb0fd3f000 	C:\Windows\System32\WS2_32.dll
0x00007ffb08110000 - 0x00007ffb08143000 	C:\Windows\SYSTEM32\WINMM.dll
0x00007ffb06ce0000 - 0x00007ffb06cea000 	C:\Windows\SYSTEM32\VERSION.dll
0x00007ffb0e0d0000 - 0x00007ffb0e0e8000 	C:\Windows\SYSTEM32\kernel.appcore.dll
0x00007ffb01cf0000 - 0x00007ffb01d00000 	D:\AndroidStudio\jbr\bin\verify.dll
0x00007ffafa560000 - 0x00007ffafa781000 	C:\Windows\SYSTEM32\DBGHELP.DLL
0x00007ffafa4b0000 - 0x00007ffafa4e1000 	C:\Windows\SYSTEM32\dbgcore.DLL
0x00007ffb0f4b0000 - 0x00007ffb0f52f000 	C:\Windows\System32\bcryptPrimitives.dll
0x00007ffb01800000 - 0x00007ffb01828000 	D:\AndroidStudio\jbr\bin\java.dll
0x00007ffb017f0000 - 0x00007ffb017fa000 	D:\AndroidStudio\jbr\bin\jimage.dll
0x00007ffb017d0000 - 0x00007ffb017e8000 	D:\AndroidStudio\jbr\bin\zip.dll
0x00007ffb0fe60000 - 0x00007ffb10625000 	C:\Windows\System32\SHELL32.dll
0x00007ffb0d140000 - 0x00007ffb0d9a5000 	C:\Windows\SYSTEM32\windows.storage.dll
0x00007ffb10630000 - 0x00007ffb109a6000 	C:\Windows\System32\combase.dll
0x00007ffb0cfd0000 - 0x00007ffb0d136000 	C:\Windows\SYSTEM32\wintypes.dll
0x00007ffb117c0000 - 0x00007ffb118aa000 	C:\Windows\System32\SHCORE.dll
0x00007ffb116b0000 - 0x00007ffb1170d000 	C:\Windows\System32\shlwapi.dll
0x00007ffb0ef80000 - 0x00007ffb0efa1000 	C:\Windows\SYSTEM32\profapi.dll
0x00007ffb017b0000 - 0x00007ffb017c9000 	D:\AndroidStudio\jbr\bin\net.dll
0x00007ffb08b50000 - 0x00007ffb08c62000 	C:\Windows\SYSTEM32\WINHTTP.dll
0x00007ffb0e570000 - 0x00007ffb0e5d7000 	C:\Windows\system32\mswsock.dll
0x00007ffb01790000 - 0x00007ffb017a3000 	D:\AndroidStudio\jbr\bin\nio.dll
0x00007ffafd5d0000 - 0x00007ffafd5f7000 	C:\Users\dfurs\.gradle\native\e1d6ef7f7dcc3fd88c89a11ec53ec762bb8ba0a96d01ffa2cd45eb1d1d8dd5c5\windows-amd64\native-platform.dll
0x00007ffafb4e0000 - 0x00007ffafb624000 	C:\Users\dfurs\.gradle\native\0d407fdbe67a94daf76414ababcb853783967236a71b16ec16e742cd7a986fd3\windows-amd64\native-platform-file-events.dll
0x00007ffb01780000 - 0x00007ffb0178a000 	D:\AndroidStudio\jbr\bin\management.dll
0x00007ffb01770000 - 0x00007ffb0177b000 	D:\AndroidStudio\jbr\bin\management_ext.dll
0x00007ffb0e7b0000 - 0x00007ffb0e7c8000 	C:\Windows\SYSTEM32\CRYPTSP.dll
0x00007ffb0e030000 - 0x00007ffb0e065000 	C:\Windows\system32\rsaenh.dll
0x00007ffb0e660000 - 0x00007ffb0e689000 	C:\Windows\SYSTEM32\USERENV.dll
0x00007ffb0e940000 - 0x00007ffb0e967000 	C:\Windows\SYSTEM32\bcrypt.dll
0x00007ffb0e7d0000 - 0x00007ffb0e7dc000 	C:\Windows\SYSTEM32\CRYPTBASE.dll
0x00007ffb0dc00000 - 0x00007ffb0dc2d000 	C:\Windows\SYSTEM32\IPHLPAPI.DLL
0x00007ffb10ad0000 - 0x00007ffb10ad9000 	C:\Windows\System32\NSI.dll
0x00007ffb08170000 - 0x00007ffb08189000 	C:\Windows\SYSTEM32\dhcpcsvc6.DLL
0x00007ffb08190000 - 0x00007ffb081ae000 	C:\Windows\SYSTEM32\dhcpcsvc.DLL
0x00007ffb0dc30000 - 0x00007ffb0dd18000 	C:\Windows\SYSTEM32\DNSAPI.dll
0x00007ffafd580000 - 0x00007ffafd5a7000 	D:\AndroidStudio\jbr\bin\sunec.dll
0x00007ffb04d90000 - 0x00007ffb04d9a000 	C:\Windows\System32\rasadhlp.dll
0x00007ffb068b0000 - 0x00007ffb06931000 	C:\Windows\System32\fwpuclnt.dll

dbghelp: loaded successfully - version: 4.0.5 - missing functions: none
symbol engine: initialized successfully - sym options: 0x614 - pdb path: .;D:\AndroidStudio\jbr\bin;C:\Windows\SYSTEM32;C:\Windows\WinSxS\amd64_microsoft.windows.common-controls_6595b64144ccf1df_6.0.22000.120_none_9d947278b86cc467;D:\AndroidStudio\jbr\bin\server;C:\Users\dfurs\.gradle\native\e1d6ef7f7dcc3fd88c89a11ec53ec762bb8ba0a96d01ffa2cd45eb1d1d8dd5c5\windows-amd64;C:\Users\dfurs\.gradle\native\0d407fdbe67a94daf76414ababcb853783967236a71b16ec16e742cd7a986fd3\windows-amd64

VM Arguments:
jvm_args: --add-opens=java.base/java.util=ALL-UNNAMED --add-opens=java.base/java.lang=ALL-UNNAMED --add-opens=java.base/java.lang.invoke=ALL-UNNAMED --add-opens=java.base/java.util=ALL-UNNAMED --add-opens=java.prefs/java.util.prefs=ALL-UNNAMED --add-opens=java.prefs/java.util.prefs=ALL-UNNAMED --add-opens=java.base/java.nio.charset=ALL-UNNAMED --add-opens=java.base/java.net=ALL-UNNAMED --add-opens=java.base/java.util.concurrent.atomic=ALL-UNNAMED -Xmx2048m -Dfile.encoding=UTF-8 -Duser.country=RU -Duser.language=ru -Duser.variant 
java_command: org.gradle.launcher.daemon.bootstrap.GradleDaemon 7.5
java_class_path (initial): C:\Users\dfurs\.gradle\wrapper\dists\gradle-7.5-bin\f1w0cc9nuo0eivz97x2xlu9sv\gradle-7.5\lib\gradle-launcher-7.5.jar
Launcher Type: SUN_STANDARD

[Global flags]
     intx CICompilerCount                          = 3                                         {product} {ergonomic}
     uint ConcGCThreads                            = 1                                         {product} {ergonomic}
     uint G1ConcRefinementThreads                  = 4                                         {product} {ergonomic}
   size_t G1HeapRegionSize                         = 1048576                                   {product} {ergonomic}
    uintx GCDrainStackTargetSize                   = 64                                        {product} {ergonomic}
   size_t InitialHeapSize                          = 58720256                                  {product} {ergonomic}
   size_t MarkStackSize                            = 4194304                                   {product} {ergonomic}
   size_t MaxHeapSize                              = 2147483648                                {product} {command line}
   size_t MaxNewSize                               = 1287651328                                {product} {ergonomic}
   size_t MinHeapDeltaBytes                        = 1048576                                   {product} {ergonomic}
    uintx NonNMethodCodeHeapSize                   = 5830732                                {pd product} {ergonomic}
    uintx NonProfiledCodeHeapSize                  = 122913754                              {pd product} {ergonomic}
    uintx ProfiledCodeHeapSize                     = 122913754                              {pd product} {ergonomic}
    uintx ReservedCodeCacheSize                    = 251658240                              {pd product} {ergonomic}
     bool SegmentedCodeCache                       = true                                      {product} {ergonomic}
     bool UseCompressedClassPointers               = true                                 {lp64_product} {ergonomic}
     bool UseCompressedOops                        = true                                 {lp64_product} {ergonomic}
     bool UseG1GC                                  = true                                      {product} {ergonomic}
     bool UseLargePagesIndividualAllocation        = false                                  {pd product} {ergonomic}

Logging:
Log output configuration:
 #0: stdout all=warning uptime,level,tags
 #1: stderr all=off uptime,level,tags

Environment Variables:
JAVA_HOME=C:\Program Files\Java\jdk-18.0.2.1
PATH=C:\PROGRA~2\Borland\CBUILD~1\Bin;C:\PROGRA~2\Borland\CBUILD~1\Projects\Bpl;C:\Python310\Scripts\;C:\Python310\;C:\Program Files\Java\jdk-18.0.2.1\bin;C:\ProgramData\Oracle\Java\javapath;C:\Program Files\Common Files\Oracle\Java\javapath;C:\Windows\System32;C:\Windows;C:\Windows\System32\Wbem;C:\Windows\System32\WindowsPowerShell\v1.0\;C:\Windows\System32\OpenSSH\;C:\Program Files\Microsoft SQL Server\150\Tools\Binn\;C:\Program Files\Microsoft SQL Server\Client SDK\ODBC\170\Tools\Binn\;D:\node.js;D:\node.js\;C:\ProgramData\chocolatey\bin;C:\Program Files (x86)\dotnet\;C:\Program Files\CodeBlocks\MinGW\bin;C:\Program Files\Git\cmd;C:\Program Files\Git\mingw64\bin;C:\Program Files\Git\usr\bin;C:\maven\bin;C:\Program Files\dotnet\;C:\Users\dfurs\AppData\Local\Programs\Python\Python311\Scripts\;C:\Users\dfurs\AppData\Local\Programs\Python\Python311\;C:\Users\dfurs\AppData\Local\Microsoft\WindowsApps;D:\\VSCode\Microsoft VS Code\bin;C:\Users\dfurs\AppData\Roaming\npm;C:\Users\dfurs\AppData\Local\Programs\Python\Python311;C:\Users\dfurs\AppData\Local\Programs\Python\Python311\Scripts;C:\Users\dfurs\.dotnet\tools;C:\Users\dfurs\AppData\Local\Android\Sdk\platform-tools;
USERNAME=dfurs
OS=Windows_NT
PROCESSOR_IDENTIFIER=AMD64 Family 23 Model 24 Stepping 1, AuthenticAMD



---------------  S Y S T E M  ---------------

OS: Windows 11 , 64 bit Build 22000 (10.0.22000.1516)
OS uptime: 0 days 2:02 hours

CPU:total 4 (initial active 4) (4 cores per cpu, 2 threads per core) family 23 model 24 stepping 1 microcode 0x0, cmov, cx8, fxsr, mmx, sse, sse2, sse3, ssse3, sse4.1, sse4.2, popcnt, avx, avx2, aes, clmul, mmxext, 3dnowpref, lzcnt, sse4a, ht, tsc, tscinvbit, tscinv, bmi1, bmi2, adx, sha, fma

Memory: 4k page, system-wide physical 3459M (343M free)
TotalPageFile size 7716M (AvailPageFile size 2M)
current process WorkingSet (physical memory assigned to process): 327M, peak: 349M
current process commit charge ("private bytes"): 558M, peak: 559M

vm_info: OpenJDK 64-Bit Server VM (11.0.15+0-b2043.56-9505619) for windows-amd64 JRE (11.0.15+0-b2043.56-9505619), built on Jan 19 2023 02:48:00 by "builduser" with unknown MS VC++:1929

END.
