#
# There is insufficient memory for the Java Runtime Environment to continue.
# Native memory allocation (mmap) failed to map 31457280 bytes for Failed to commit area from 0x0000000086f00000 to 0x0000000088d00000 of length 31457280.
# Possible reasons:
#   The system is out of physical RAM or swap space
#   The process is running with CompressedOops enabled, and the Java Heap may be blocking the growth of the native heap
# Possible solutions:
#   Reduce memory load on the system
#   Increase physical memory or swap space
#   Check if swap backing store is full
#   Decrease Java heap size (-Xmx/-Xms)
#   Decrease number of Java threads
#   Decrease Java thread stack sizes (-Xss)
#   Set larger code cache with -XX:ReservedCodeCacheSize=
#   JVM is running with Unscaled Compressed Oops mode in which the Java heap is
#     placed in the first 4GB address space. The Java Heap base address is the
#     maximum limit for the native heap growth. Please use -XX:HeapBaseMinAddress
#     to set the Java Heap base and to place the Java Heap above 4GB virtual address.
# This output file may be truncated or incomplete.
#
#  Out of Memory Error (src/hotspot/os/windows/os_windows.cpp:3627), pid=5428, tid=948
#
# JRE version: OpenJDK Runtime Environment (11.0.15) (build 11.0.15+0-b2043.56-9505619)
# Java VM: OpenJDK 64-Bit Server VM (11.0.15+0-b2043.56-9505619, mixed mode, tiered, compressed oops, g1 gc, windows-amd64)
# No core dump will be written. Minidumps are not enabled by default on client versions of Windows
#

---------------  S U M M A R Y ------------

Command Line: --add-opens=java.base/java.util=ALL-UNNAMED --add-opens=java.base/java.lang=ALL-UNNAMED --add-opens=java.base/java.lang.invoke=ALL-UNNAMED --add-opens=java.base/java.util=ALL-UNNAMED --add-opens=java.prefs/java.util.prefs=ALL-UNNAMED --add-opens=java.prefs/java.util.prefs=ALL-UNNAMED --add-opens=java.base/java.nio.charset=ALL-UNNAMED --add-opens=java.base/java.net=ALL-UNNAMED --add-opens=java.base/java.util.concurrent.atomic=ALL-UNNAMED -Xmx2048m -Dfile.encoding=UTF-8 -Duser.country=RU -Duser.language=ru -Duser.variant org.gradle.launcher.daemon.bootstrap.GradleDaemon 7.5

Host: AMD Athlon 300U with Radeon Vega Mobile Gfx    , 4 cores, 3G,  Windows 11 , 64 bit Build 22000 (10.0.22000.1516)
Time: Wed Mar 29 14:15:00 2023  Windows 11 , 64 bit Build 22000 (10.0.22000.1516) elapsed time: 46.013130 seconds (0d 0h 0m 46s)

---------------  T H R E A D  ---------------

Current thread (0x00000134d7df1800):  VMThread "VM Thread" [stack: 0x0000000809b00000,0x0000000809c00000] [id=948]

Stack: [0x0000000809b00000,0x0000000809c00000]
[error occurred during error reporting (printing stack bounds), id 0xc0000005, EXCEPTION_ACCESS_VIOLATION (0xc0000005) at pc=0x00000134c1d5112d]

Native frames: (J=compiled Java code, j=interpreted, Vv=VM code, C=native code)
V  [jvm.dll+0x64135a]
V  [jvm.dll+0x7d39f9]
V  [jvm.dll+0x7d51b9]
V  [jvm.dll+0x7d5805]
V  [jvm.dll+0x7d57bb]
V  [jvm.dll+0x640655]
V  [jvm.dll+0x640d68]
C  [ntdll.dll+0xa8b1f]
C  [ntdll.dll+0x35b9a]
C  [ntdll.dll+0xa7b2e]
C  0x00000134c1d5112d

VM_Operation (0x000000080aef0760): G1CollectForAllocation, mode: safepoint, requested by thread 0x00000134da27f000


---------------  P R O C E S S  ---------------

Threads class SMR info:
_java_thread_list=0x00000134d8c52bb0, length=36, elements={
0x00000134be226000, 0x00000134d7df3000, 0x00000134d7df5000, 0x00000134d7e59000,
0x00000134d7e5a000, 0x00000134d7e5b000, 0x00000134d7e5d000, 0x00000134d7e63000,
0x00000134d7e6a000, 0x00000134d88d7000, 0x00000134da8d7800, 0x00000134d9a83000,
0x00000134da80f000, 0x00000134d957b800, 0x00000134daa78000, 0x00000134da27a000,
0x00000134da27f000, 0x00000134d967d800, 0x00000134d9fa3800, 0x00000134d9f9a000,
0x00000134d965c000, 0x00000134d9659800, 0x00000134d965d000, 0x00000134d9658000,
0x00000134d9657000, 0x00000134d965d800, 0x00000134d965b000, 0x00000134d9659000,
0x00000134d965a800, 0x00000134da832800, 0x00000134da82d000, 0x00000134da832000,
0x00000134da82f800, 0x00000134da833800, 0x00000134da830000, 0x00000134da82d800
}

Java Threads: ( => current thread )
  0x00000134be226000 JavaThread "main" [_thread_blocked, id=9360, stack(0x0000000809500000,0x0000000809600000)]
  0x00000134d7df3000 JavaThread "Reference Handler" daemon [_thread_blocked, id=9020, stack(0x0000000809c00000,0x0000000809d00000)]
  0x00000134d7df5000 JavaThread "Finalizer" daemon [_thread_blocked, id=960, stack(0x0000000809d00000,0x0000000809e00000)]
  0x00000134d7e59000 JavaThread "Signal Dispatcher" daemon [_thread_blocked, id=9884, stack(0x0000000809e00000,0x0000000809f00000)]
  0x00000134d7e5a000 JavaThread "Attach Listener" daemon [_thread_blocked, id=3844, stack(0x0000000809f00000,0x000000080a000000)]
  0x00000134d7e5b000 JavaThread "Service Thread" daemon [_thread_blocked, id=1540, stack(0x000000080a000000,0x000000080a100000)]
  0x00000134d7e5d000 JavaThread "C2 CompilerThread0" daemon [_thread_blocked, id=4000, stack(0x000000080a100000,0x000000080a200000)]
  0x00000134d7e63000 JavaThread "C1 CompilerThread0" daemon [_thread_blocked, id=4900, stack(0x000000080a200000,0x000000080a300000)]
  0x00000134d7e6a000 JavaThread "Sweeper thread" daemon [_thread_blocked, id=5724, stack(0x000000080a300000,0x000000080a400000)]
  0x00000134d88d7000 JavaThread "Common-Cleaner" daemon [_thread_blocked, id=8464, stack(0x000000080a400000,0x000000080a500000)]
  0x00000134da8d7800 JavaThread "Daemon health stats" [_thread_blocked, id=3900, stack(0x000000080a800000,0x000000080a900000)]
  0x00000134d9a83000 JavaThread "Incoming local TCP Connector on port 52725" [_thread_in_native, id=6036, stack(0x000000080a900000,0x000000080aa00000)]
  0x00000134da80f000 JavaThread "Daemon periodic checks" [_thread_blocked, id=6480, stack(0x000000080aa00000,0x000000080ab00000)]
  0x00000134d957b800 JavaThread "Daemon" [_thread_blocked, id=2300, stack(0x000000080ab00000,0x000000080ac00000)]
  0x00000134daa78000 JavaThread "Handler for socket connection from /127.0.0.1:52725 to /127.0.0.1:52726" [_thread_in_native, id=4312, stack(0x000000080ac00000,0x000000080ad00000)]
  0x00000134da27a000 JavaThread "Cancel handler" [_thread_blocked, id=7052, stack(0x000000080ad00000,0x000000080ae00000)]
  0x00000134da27f000 JavaThread "Daemon worker" [_thread_blocked, id=5076, stack(0x000000080ae00000,0x000000080af00000)]
  0x00000134d967d800 JavaThread "Asynchronous log dispatcher for DefaultDaemonConnection: socket connection from /127.0.0.1:52725 to /127.0.0.1:52726" [_thread_blocked, id=9588, stack(0x000000080af00000,0x000000080b000000)]
  0x00000134d9fa3800 JavaThread "Stdin handler" [_thread_blocked, id=9512, stack(0x000000080b000000,0x000000080b100000)]
  0x00000134d9f9a000 JavaThread "Daemon client event forwarder" [_thread_blocked, id=3864, stack(0x000000080b100000,0x000000080b200000)]
  0x00000134d965c000 JavaThread "Cache worker for journal cache (C:\Users\dfurs\.gradle\caches\journal-1)" [_thread_blocked, id=3124, stack(0x000000080b400000,0x000000080b500000)]
  0x00000134d9659800 JavaThread "File lock request listener" [_thread_in_native, id=2836, stack(0x000000080b500000,0x000000080b600000)]
  0x00000134d965d000 JavaThread "Cache worker for file hash cache (C:\Users\dfurs\.gradle\caches\7.5\fileHashes)" [_thread_blocked, id=9720, stack(0x000000080b600000,0x000000080b700000)]
  0x00000134d9658000 JavaThread "File watcher server" daemon [_thread_in_native, id=7208, stack(0x000000080b700000,0x000000080b800000)]
  0x00000134d9657000 JavaThread "File watcher consumer" daemon [_thread_blocked, id=9288, stack(0x000000080b800000,0x000000080b900000)]
  0x00000134d965d800 JavaThread "jar transforms" [_thread_blocked, id=4140, stack(0x000000080b900000,0x000000080ba00000)]
  0x00000134d965b000 JavaThread "jar transforms Thread 2" [_thread_blocked, id=2120, stack(0x000000080ba00000,0x000000080bb00000)]
  0x00000134d9659000 JavaThread "jar transforms Thread 3" [_thread_blocked, id=5928, stack(0x000000080bb00000,0x000000080bc00000)]
  0x00000134d965a800 JavaThread "jar transforms Thread 4" [_thread_blocked, id=4972, stack(0x000000080bc00000,0x000000080bd00000)]
  0x00000134da832800 JavaThread "File lock release action executor" [_thread_blocked, id=9984, stack(0x000000080bd00000,0x000000080be00000)]
  0x00000134da82d000 JavaThread "Cache worker for checksums cache (D:\lab7\.gradle\7.5\checksums)" [_thread_blocked, id=8144, stack(0x000000080be00000,0x000000080bf00000)]
  0x00000134da832000 JavaThread "Cache worker for cache directory md-rule (C:\Users\dfurs\.gradle\caches\7.5\md-rule)" [_thread_blocked, id=9620, stack(0x000000080bf00000,0x000000080c000000)]
  0x00000134da82f800 JavaThread "Cache worker for file content cache (C:\Users\dfurs\.gradle\caches\7.5\fileContent)" [_thread_blocked, id=9672, stack(0x000000080c000000,0x000000080c100000)]
  0x00000134da833800 JavaThread "Cache worker for file hash cache (D:\lab7\.gradle\7.5\fileHashes)" [_thread_blocked, id=6464, stack(0x000000080c100000,0x000000080c200000)]
  0x00000134da830000 JavaThread "Cache worker for cache directory md-supplier (C:\Users\dfurs\.gradle\caches\7.5\md-supplier)" [_thread_blocked, id=9256, stack(0x000000080c200000,0x000000080c300000)]
  0x00000134da82d800 JavaThread "Cache worker for execution history cache (C:\Users\dfurs\.gradle\caches\7.5\executionHistory)" [_thread_blocked, id=9776, stack(0x000000080c300000,0x000000080c400000)]

Other Threads:
=>0x00000134d7df1800 VMThread "VM Thread" [stack: 0x0000000809b00000,0x0000000809c00000] [id=948]
  0x00000134d88e8000 WatcherThread [stack: 0x000000080a500000,0x000000080a600000] [id=10100]
  0x00000134be23e000 GCTaskThread "GC Thread#0" [stack: 0x0000000809600000,0x0000000809700000] [id=7056]
  0x00000134d8b3e000 GCTaskThread "GC Thread#1" [stack: 0x000000080a700000,0x000000080a800000] [id=4872]
  0x00000134d9f95000 GCTaskThread "GC Thread#2" [stack: 0x000000080b200000,0x000000080b300000] [id=10020]
  0x00000134d997b000 GCTaskThread "GC Thread#3" [stack: 0x000000080b300000,0x000000080b400000] [id=10124]
  0x00000134be270000 ConcurrentGCThread "G1 Main Marker" [stack: 0x0000000809700000,0x0000000809800000] [id=5112]
  0x00000134be272000 ConcurrentGCThread "G1 Conc#0" [stack: 0x0000000809800000,0x0000000809900000] [id=9900]
  0x00000134be2b9000 ConcurrentGCThread "G1 Refine#0" [stack: 0x0000000809900000,0x0000000809a00000] [id=2708]
  0x00000134be2bd000 ConcurrentGCThread "G1 Young RemSet Sampling" [stack: 0x0000000809a00000,0x0000000809b00000] [id=6360]

Threads with active compile tasks:

VM state:at safepoint (normal execution)

VM Mutex/Monitor currently owned by a thread:  ([mutex/lock_event])
[0x00000134be2216a0] Threads_lock - owner thread: 0x00000134d7df1800
[0x00000134be221f10] Heap_lock - owner thread: 0x00000134da27f000

Heap address: 0x0000000080000000, size: 2048 MB, Compressed Oops mode: 32-bit
Narrow klass base: 0x0000000000000000, Narrow klass shift: 3
Compressed class space size: 1073741824 Address: 0x0000000100000000

Heap:
 garbage-first heap   total 144384K, used 62464K [0x0000000080000000, 0x0000000100000000)
  region size 1024K, 2 young (2048K), 2 survivors (2048K)
 Metaspace       used 43096K, capacity 44222K, committed 44336K, reserved 1087488K
  class space    used 5496K, capacity 5925K, committed 6016K, reserved 1048576K
Heap Regions: E=young(eden), S=young(survivor), O=old, HS=humongous(starts), HC=humongous(continues), CS=collection set, F=free, A=archive, TAMS=top-at-mark-start (previous, next)
|   0|0x0000000080000000, 0x0000000080100000, 0x0000000080100000|100%|HS|  |TAMS 0x0000000080100000, 0x0000000080000000| Complete 
|   1|0x0000000080100000, 0x0000000080200000, 0x0000000080200000|100%|HC|  |TAMS 0x0000000080200000, 0x0000000080100000| Complete 
|   2|0x0000000080200000, 0x0000000080300000, 0x0000000080300000|100%|HC|  |TAMS 0x0000000080300000, 0x0000000080200000| Complete 
|   3|0x0000000080300000, 0x0000000080400000, 0x0000000080400000|100%| O|  |TAMS 0x0000000080400000, 0x0000000080300000| Untracked 
|   4|0x0000000080400000, 0x0000000080500000, 0x0000000080500000|100%| O|  |TAMS 0x0000000080500000, 0x0000000080400000| Untracked 
|   5|0x0000000080500000, 0x0000000080600000, 0x0000000080600000|100%| O|  |TAMS 0x0000000080600000, 0x0000000080500000| Untracked 
|   6|0x0000000080600000, 0x0000000080700000, 0x0000000080700000|100%| O|  |TAMS 0x0000000080700000, 0x0000000080600000| Untracked 
|   7|0x0000000080700000, 0x0000000080800000, 0x0000000080800000|100%| O|  |TAMS 0x0000000080800000, 0x0000000080700000| Untracked 
|   8|0x0000000080800000, 0x0000000080900000, 0x0000000080900000|100%| O|  |TAMS 0x0000000080900000, 0x0000000080800000| Untracked 
|   9|0x0000000080900000, 0x0000000080a00000, 0x0000000080a00000|100%| O|  |TAMS 0x0000000080a00000, 0x0000000080900000| Untracked 
|  10|0x0000000080a00000, 0x0000000080b00000, 0x0000000080b00000|100%| O|  |TAMS 0x0000000080b00000, 0x0000000080a00000| Untracked 
|  11|0x0000000080b00000, 0x0000000080c00000, 0x0000000080c00000|100%| O|  |TAMS 0x0000000080c00000, 0x0000000080b00000| Untracked 
|  12|0x0000000080c00000, 0x0000000080d00000, 0x0000000080d00000|100%| O|  |TAMS 0x0000000080d00000, 0x0000000080c00000| Untracked 
|  13|0x0000000080d00000, 0x0000000080e00000, 0x0000000080e00000|100%| O|  |TAMS 0x0000000080e00000, 0x0000000080d00000| Untracked 
|  14|0x0000000080e00000, 0x0000000080f00000, 0x0000000080f00000|100%| O|  |TAMS 0x0000000080f00000, 0x0000000080e00000| Untracked 
|  15|0x0000000080f00000, 0x0000000081000000, 0x0000000081000000|100%| O|  |TAMS 0x0000000081000000, 0x0000000080f00000| Untracked 
|  16|0x0000000081000000, 0x0000000081100000, 0x0000000081100000|100%| O|  |TAMS 0x0000000081100000, 0x0000000081000000| Untracked 
|  17|0x0000000081100000, 0x0000000081200000, 0x0000000081200000|100%|HS|  |TAMS 0x0000000081200000, 0x0000000081100000| Complete 
|  18|0x0000000081200000, 0x0000000081300000, 0x0000000081300000|100%|HC|  |TAMS 0x0000000081300000, 0x0000000081200000| Complete 
|  19|0x0000000081300000, 0x0000000081400000, 0x0000000081400000|100%|HS|  |TAMS 0x0000000081400000, 0x0000000081300000| Complete 
|  20|0x0000000081400000, 0x0000000081500000, 0x0000000081500000|100%|HC|  |TAMS 0x0000000081500000, 0x0000000081400000| Complete 
|  21|0x0000000081500000, 0x0000000081600000, 0x0000000081600000|100%|HC|  |TAMS 0x0000000081600000, 0x0000000081500000| Complete 
|  22|0x0000000081600000, 0x0000000081700000, 0x0000000081700000|100%|HS|  |TAMS 0x0000000081700000, 0x0000000081600000| Complete 
|  23|0x0000000081700000, 0x0000000081800000, 0x0000000081800000|100%|HC|  |TAMS 0x0000000081800000, 0x0000000081700000| Complete 
|  24|0x0000000081800000, 0x0000000081900000, 0x0000000081900000|100%|HC|  |TAMS 0x0000000081900000, 0x0000000081800000| Complete 
|  25|0x0000000081900000, 0x0000000081a00000, 0x0000000081a00000|100%| O|  |TAMS 0x0000000081a00000, 0x0000000081900000| Untracked 
|  26|0x0000000081a00000, 0x0000000081b00000, 0x0000000081b00000|100%| O|  |TAMS 0x0000000081b00000, 0x0000000081a00000| Untracked 
|  27|0x0000000081b00000, 0x0000000081c00000, 0x0000000081c00000|100%|HS|  |TAMS 0x0000000081c00000, 0x0000000081b00000| Complete 
|  28|0x0000000081c00000, 0x0000000081d00000, 0x0000000081d00000|100%|HC|  |TAMS 0x0000000081d00000, 0x0000000081c00000| Complete 
|  29|0x0000000081d00000, 0x0000000081e00000, 0x0000000081e00000|100%| O|  |TAMS 0x0000000081e00000, 0x0000000081d00000| Untracked 
|  30|0x0000000081e00000, 0x0000000081f00000, 0x0000000081f00000|100%| O|  |TAMS 0x0000000081f00000, 0x0000000081e00000| Untracked 
|  31|0x0000000081f00000, 0x0000000082000000, 0x0000000082000000|100%| O|  |TAMS 0x0000000082000000, 0x0000000081f00000| Untracked 
|  32|0x0000000082000000, 0x0000000082100000, 0x0000000082100000|100%|HS|  |TAMS 0x0000000082100000, 0x0000000082000000| Complete 
|  33|0x0000000082100000, 0x0000000082200000, 0x0000000082200000|100%|HC|  |TAMS 0x0000000082200000, 0x0000000082100000| Complete 
|  34|0x0000000082200000, 0x0000000082300000, 0x0000000082300000|100%|HC|  |TAMS 0x0000000082300000, 0x0000000082200000| Complete 
|  35|0x0000000082300000, 0x0000000082400000, 0x0000000082400000|100%|HC|  |TAMS 0x0000000082400000, 0x0000000082300000| Complete 
|  36|0x0000000082400000, 0x0000000082500000, 0x0000000082500000|100%|HC|  |TAMS 0x0000000082500000, 0x0000000082400000| Complete 
|  37|0x0000000082500000, 0x0000000082600000, 0x0000000082600000|100%|HC|  |TAMS 0x0000000082600000, 0x0000000082500000| Complete 
|  38|0x0000000082600000, 0x0000000082700000, 0x0000000082700000|100%|HC|  |TAMS 0x0000000082700000, 0x0000000082600000| Complete 
|  39|0x0000000082700000, 0x0000000082800000, 0x0000000082800000|100%|HC|  |TAMS 0x0000000082800000, 0x0000000082700000| Complete 
|  40|0x0000000082800000, 0x0000000082900000, 0x0000000082900000|100%|HC|  |TAMS 0x0000000082900000, 0x0000000082800000| Complete 
|  41|0x0000000082900000, 0x0000000082a00000, 0x0000000082a00000|100%|HC|  |TAMS 0x0000000082a00000, 0x0000000082900000| Complete 
|  42|0x0000000082a00000, 0x0000000082b00000, 0x0000000082b00000|100%|HS|  |TAMS 0x0000000082b00000, 0x0000000082a00000| Complete 
|  43|0x0000000082b00000, 0x0000000082c00000, 0x0000000082c00000|100%|HC|  |TAMS 0x0000000082c00000, 0x0000000082b00000| Complete 
|  44|0x0000000082c00000, 0x0000000082d00000, 0x0000000082d00000|100%|HS|  |TAMS 0x0000000082d00000, 0x0000000082c00000| Complete 
|  45|0x0000000082d00000, 0x0000000082e00000, 0x0000000082e00000|100%|HC|  |TAMS 0x0000000082e00000, 0x0000000082d00000| Complete 
|  46|0x0000000082e00000, 0x0000000082f00000, 0x0000000082f00000|100%|HC|  |TAMS 0x0000000082f00000, 0x0000000082e00000| Complete 
|  47|0x0000000082f00000, 0x0000000083000000, 0x0000000083000000|100%|HC|  |TAMS 0x0000000083000000, 0x0000000082f00000| Complete 
|  48|0x0000000083000000, 0x0000000083100000, 0x0000000083100000|100%|HC|  |TAMS 0x0000000083100000, 0x0000000083000000| Complete 
|  49|0x0000000083100000, 0x0000000083200000, 0x0000000083200000|100%| O|  |TAMS 0x0000000083200000, 0x0000000083100000| Untracked 
|  50|0x0000000083200000, 0x0000000083300000, 0x0000000083300000|100%| O|  |TAMS 0x0000000083300000, 0x0000000083200000| Untracked 
|  51|0x0000000083300000, 0x0000000083400000, 0x0000000083400000|100%| O|  |TAMS 0x0000000083400000, 0x0000000083300000| Untracked 
|  52|0x0000000083400000, 0x0000000083500000, 0x0000000083500000|100%| O|  |TAMS 0x0000000083500000, 0x0000000083400000| Untracked 
|  53|0x0000000083500000, 0x0000000083600000, 0x0000000083600000|100%| O|  |TAMS 0x0000000083600000, 0x0000000083500000| Untracked 
|  54|0x0000000083600000, 0x0000000083700000, 0x0000000083700000|100%| O|  |TAMS 0x0000000083700000, 0x0000000083600000| Untracked 
|  55|0x0000000083700000, 0x0000000083800000, 0x0000000083800000|100%| O|  |TAMS 0x0000000083800000, 0x0000000083700000| Untracked 
|  56|0x0000000083800000, 0x0000000083900000, 0x0000000083900000|100%| O|  |TAMS 0x000000008387f400, 0x0000000083800000| Untracked 
|  57|0x0000000083900000, 0x0000000083900000, 0x0000000083a00000|  0%| F|  |TAMS 0x0000000083900000, 0x0000000083900000| Untracked 
|  58|0x0000000083a00000, 0x0000000083a00000, 0x0000000083b00000|  0%| F|  |TAMS 0x0000000083a00000, 0x0000000083a00000| Untracked 
|  59|0x0000000083b00000, 0x0000000083b00000, 0x0000000083c00000|  0%| F|  |TAMS 0x0000000083b00000, 0x0000000083b00000| Untracked 
|  60|0x0000000083c00000, 0x0000000083d00000, 0x0000000083d00000|100%| O|  |TAMS 0x0000000083c00000, 0x0000000083c00000| Untracked 
|  61|0x0000000083d00000, 0x0000000083e00000, 0x0000000083e00000|100%| O|  |TAMS 0x0000000083d00000, 0x0000000083d00000| Untracked 
|  62|0x0000000083e00000, 0x0000000083e70200, 0x0000000083f00000| 43%| O|  |TAMS 0x0000000083e00000, 0x0000000083e00000| Untracked 
|  63|0x0000000083f00000, 0x0000000083f00000, 0x0000000084000000|  0%| F|  |TAMS 0x0000000083f00000, 0x0000000083f00000| Untracked 
|  64|0x0000000084000000, 0x0000000084000000, 0x0000000084100000|  0%| F|  |TAMS 0x0000000084000000, 0x0000000084000000| Untracked 
|  65|0x0000000084100000, 0x0000000084100000, 0x0000000084200000|  0%| F|  |TAMS 0x0000000084100000, 0x0000000084100000| Untracked 
|  66|0x0000000084200000, 0x0000000084200000, 0x0000000084300000|  0%| F|  |TAMS 0x0000000084200000, 0x0000000084200000| Untracked 
|  67|0x0000000084300000, 0x0000000084300000, 0x0000000084400000|  0%| F|  |TAMS 0x0000000084300000, 0x0000000084300000| Untracked 
|  68|0x0000000084400000, 0x0000000084400000, 0x0000000084500000|  0%| F|  |TAMS 0x0000000084400000, 0x0000000084400000| Untracked 
|  69|0x0000000084500000, 0x0000000084500000, 0x0000000084600000|  0%| F|  |TAMS 0x0000000084500000, 0x0000000084500000| Untracked 
|  70|0x0000000084600000, 0x0000000084600000, 0x0000000084700000|  0%| F|  |TAMS 0x0000000084600000, 0x0000000084600000| Untracked 
|  71|0x0000000084700000, 0x0000000084700000, 0x0000000084800000|  0%| F|  |TAMS 0x0000000084700000, 0x0000000084700000| Untracked 
|  72|0x0000000084800000, 0x0000000084800000, 0x0000000084900000|  0%| F|  |TAMS 0x0000000084800000, 0x0000000084800000| Untracked 
|  73|0x0000000084900000, 0x0000000084900000, 0x0000000084a00000|  0%| F|  |TAMS 0x0000000084900000, 0x0000000084900000| Untracked 
|  74|0x0000000084a00000, 0x0000000084a00000, 0x0000000084b00000|  0%| F|  |TAMS 0x0000000084a00000, 0x0000000084a00000| Untracked 
|  75|0x0000000084b00000, 0x0000000084b00000, 0x0000000084c00000|  0%| F|  |TAMS 0x0000000084b00000, 0x0000000084b00000| Untracked 
|  76|0x0000000084c00000, 0x0000000084c00000, 0x0000000084d00000|  0%| F|  |TAMS 0x0000000084c00000, 0x0000000084c00000| Untracked 
|  77|0x0000000084d00000, 0x0000000084d00000, 0x0000000084e00000|  0%| F|  |TAMS 0x0000000084d00000, 0x0000000084d00000| Untracked 
|  78|0x0000000084e00000, 0x0000000084e00000, 0x0000000084f00000|  0%| F|  |TAMS 0x0000000084e00000, 0x0000000084e00000| Untracked 
|  79|0x0000000084f00000, 0x0000000084f00000, 0x0000000085000000|  0%| F|  |TAMS 0x0000000084f00000, 0x0000000084f00000| Untracked 
|  80|0x0000000085000000, 0x000000008508fee0, 0x0000000085100000| 56%| S|CS|TAMS 0x0000000085000000, 0x0000000085000000| Complete 
|  81|0x0000000085100000, 0x0000000085200000, 0x0000000085200000|100%| S|CS|TAMS 0x0000000085100000, 0x0000000085100000| Complete 
|  82|0x0000000085200000, 0x0000000085200000, 0x0000000085300000|  0%| F|  |TAMS 0x0000000085200000, 0x0000000085200000| Untracked 
|  83|0x0000000085300000, 0x0000000085300000, 0x0000000085400000|  0%| F|  |TAMS 0x0000000085300000, 0x0000000085300000| Untracked 
|  84|0x0000000085400000, 0x0000000085400000, 0x0000000085500000|  0%| F|  |TAMS 0x0000000085400000, 0x0000000085400000| Untracked 
|  85|0x0000000085500000, 0x0000000085500000, 0x0000000085600000|  0%| F|  |TAMS 0x0000000085500000, 0x0000000085500000| Untracked 
|  86|0x0000000085600000, 0x0000000085600000, 0x0000000085700000|  0%| F|  |TAMS 0x0000000085600000, 0x0000000085600000| Untracked 
|  87|0x0000000085700000, 0x0000000085700000, 0x0000000085800000|  0%| F|  |TAMS 0x0000000085700000, 0x0000000085700000| Untracked 
|  88|0x0000000085800000, 0x0000000085800000, 0x0000000085900000|  0%| F|  |TAMS 0x0000000085800000, 0x0000000085800000| Untracked 
|  89|0x0000000085900000, 0x0000000085900000, 0x0000000085a00000|  0%| F|  |TAMS 0x0000000085900000, 0x0000000085900000| Untracked 
|  90|0x0000000085a00000, 0x0000000085a00000, 0x0000000085b00000|  0%| F|  |TAMS 0x0000000085a00000, 0x0000000085a00000| Untracked 
|  91|0x0000000085b00000, 0x0000000085b00000, 0x0000000085c00000|  0%| F|  |TAMS 0x0000000085b00000, 0x0000000085b00000| Untracked 
|  92|0x0000000085c00000, 0x0000000085c00000, 0x0000000085d00000|  0%| F|  |TAMS 0x0000000085c00000, 0x0000000085c00000| Untracked 
|  93|0x0000000085d00000, 0x0000000085d00000, 0x0000000085e00000|  0%| F|  |TAMS 0x0000000085d00000, 0x0000000085d00000| Untracked 
|  94|0x0000000085e00000, 0x0000000085e00000, 0x0000000085f00000|  0%| F|  |TAMS 0x0000000085e00000, 0x0000000085e00000| Untracked 
|  95|0x0000000085f00000, 0x0000000085f00000, 0x0000000086000000|  0%| F|  |TAMS 0x0000000085f00000, 0x0000000085f00000| Untracked 
|  96|0x0000000086000000, 0x0000000086000000, 0x0000000086100000|  0%| F|  |TAMS 0x0000000086000000, 0x0000000086000000| Untracked 
|  97|0x0000000086100000, 0x0000000086100000, 0x0000000086200000|  0%| F|  |TAMS 0x0000000086100000, 0x0000000086100000| Untracked 
|  98|0x0000000086200000, 0x0000000086200000, 0x0000000086300000|  0%| F|  |TAMS 0x0000000086200000, 0x0000000086200000| Untracked 
|  99|0x0000000086300000, 0x0000000086300000, 0x0000000086400000|  0%| F|  |TAMS 0x0000000086300000, 0x0000000086300000| Untracked 
| 100|0x0000000086400000, 0x0000000086400000, 0x0000000086500000|  0%| F|  |TAMS 0x0000000086400000, 0x0000000086400000| Untracked 
| 101|0x0000000086500000, 0x0000000086500000, 0x0000000086600000|  0%| F|  |TAMS 0x0000000086500000, 0x0000000086500000| Untracked 
| 102|0x0000000086600000, 0x0000000086600000, 0x0000000086700000|  0%| F|  |TAMS 0x0000000086600000, 0x0000000086600000| Untracked 
| 103|0x0000000086700000, 0x0000000086700000, 0x0000000086800000|  0%| F|  |TAMS 0x0000000086700000, 0x0000000086700000| Untracked 
| 104|0x0000000086800000, 0x0000000086800000, 0x0000000086900000|  0%| F|  |TAMS 0x0000000086800000, 0x0000000086800000| Untracked 
| 105|0x0000000086900000, 0x0000000086900000, 0x0000000086a00000|  0%| F|  |TAMS 0x0000000086900000, 0x0000000086900000| Untracked 
| 106|0x0000000086a00000, 0x0000000086a00000, 0x0000000086b00000|  0%| F|  |TAMS 0x0000000086a00000, 0x0000000086a00000| Untracked 
| 107|0x0000000086b00000, 0x0000000086b00000, 0x0000000086c00000|  0%| F|  |TAMS 0x0000000086b00000, 0x0000000086b00000| Untracked 
| 108|0x0000000086c00000, 0x0000000086c00000, 0x0000000086d00000|  0%| F|  |TAMS 0x0000000086c00000, 0x0000000086c00000| Untracked 
| 109|0x0000000086d00000, 0x0000000086d00000, 0x0000000086e00000|  0%| F|  |TAMS 0x0000000086d00000, 0x0000000086d00000| Untracked 
| 110|0x0000000086e00000, 0x0000000086e00000, 0x0000000086f00000|  0%| F|  |TAMS 0x0000000086e00000, 0x0000000086e00000| Untracked 

Card table byte_map: [0x00000134d1150000,0x00000134d1550000] _byte_map_base: 0x00000134d0d50000

Marking Bits (Prev, Next): (CMBitMap*) 0x00000134be267128, (CMBitMap*) 0x00000134be267160
 Prev Bits: [0x00000134d1950000, 0x00000134d3950000)
 Next Bits: [0x00000134d3950000, 0x00000134d5950000)

Polling page: 0x00000134bc1e0000

Metaspace:

Usage:
  Non-class:     37.40 MB capacity,    36.72 MB ( 98%) used,   586.17 KB (  2%) free+waste,   110.75 KB ( <1%) overhead. 
      Class:      5.79 MB capacity,     5.37 MB ( 93%) used,   375.11 KB (  6%) free+waste,    53.56 KB ( <1%) overhead. 
       Both:     43.19 MB capacity,    42.09 MB ( 97%) used,   961.28 KB (  2%) free+waste,   164.31 KB ( <1%) overhead. 

Virtual space:
  Non-class space:       38.00 MB reserved,      37.42 MB ( 98%) committed 
      Class space:        1.00 GB reserved,       5.88 MB ( <1%) committed 
             Both:        1.04 GB reserved,      43.30 MB (  4%) committed 

Chunk freelists:
   Non-Class:  23.00 KB
       Class:  27.00 KB
        Both:  50.00 KB

MaxMetaspaceSize: 17179869184.00 GB
CompressedClassSpaceSize: 1.00 GB
Initial GC threshold: 20.80 MB
Current GC threshold: 67.79 MB
CDS: off

CodeHeap 'non-profiled nmethods': size=120064Kb used=2229Kb max_used=2229Kb free=117834Kb
 bounds [0x00000134c9810000, 0x00000134c9a80000, 0x00000134d0d50000]
CodeHeap 'profiled nmethods': size=120000Kb used=8339Kb max_used=8339Kb free=111660Kb
 bounds [0x00000134c22e0000, 0x00000134c2b10000, 0x00000134c9810000]
CodeHeap 'non-nmethods': size=5696Kb used=2276Kb max_used=2317Kb free=3419Kb
 bounds [0x00000134c1d50000, 0x00000134c1fc0000, 0x00000134c22e0000]
 total_blobs=4700 nmethods=3927 adapters=685
 compilation: enabled
              stopped_count=0, restarted_count=0
 full_count=0

Compilation events (20 events):
Event: 45.823 Thread 0x00000134d7e5d000 3919       4       jdk.internal.loader.URLClassPath$JarLoader$2::getBytes (48 bytes)
Event: 45.863 Thread 0x00000134d7e63000 3924       3       javax.management.ObjectName::<init> (15 bytes)
Event: 45.863 Thread 0x00000134d7e63000 nmethod 3924 0x00000134c2afb690 code [0x00000134c2afb860, 0x00000134c2afb9e8]
Event: 45.863 Thread 0x00000134d7e63000 3925       3       sun.management.Util::newObjectName (11 bytes)
Event: 45.866 Thread 0x00000134d7e63000 nmethod 3925 0x00000134c2afba90 code [0x00000134c2afbfc0, 0x00000134c2aff008]
Event: 45.866 Thread 0x00000134d7e63000 3926       3       java.lang.invoke.DelegatingMethodHandle$Holder::reinvoke_L (18 bytes)
Event: 45.867 Thread 0x00000134d7e63000 nmethod 3926 0x00000134c2b00290 code [0x00000134c2b00460, 0x00000134c2b00958]
Event: 45.880 Thread 0x00000134d7e63000 3927       1       sun.reflect.generics.tree.MethodTypeSignature::getFormalTypeParameters (5 bytes)
Event: 45.880 Thread 0x00000134d7e63000 nmethod 3927 0x00000134c9a38110 code [0x00000134c9a382c0, 0x00000134c9a38378]
Event: 45.881 Thread 0x00000134d7e63000 3928       3       java.lang.Module::canRead (86 bytes)
Event: 45.883 Thread 0x00000134d7e63000 nmethod 3928 0x00000134c2b00a90 code [0x00000134c2b00e60, 0x00000134c2b02908]
Event: 45.911 Thread 0x00000134d7e5d000 nmethod 3919 0x00000134c9a38410 code [0x00000134c9a38720, 0x00000134c9a3b828]
Event: 45.954 Thread 0x00000134d7e5d000 3929       4       jdk.internal.org.objectweb.asm.MethodWriter::visitEnd (1 bytes)
Event: 45.955 Thread 0x00000134d7e5d000 nmethod 3929 0x00000134c9a3d410 code [0x00000134c9a3d5a0, 0x00000134c9a3d5f8]
Event: 45.955 Thread 0x00000134d7e63000 3930       3       java.lang.invoke.LambdaFormEditor$Transform::inRange (36 bytes)
Event: 45.955 Thread 0x00000134d7e63000 nmethod 3930 0x00000134c2b03090 code [0x00000134c2b03240, 0x00000134c2b03398]
Event: 45.955 Thread 0x00000134d7e63000 3932       3       java.lang.invoke.LambdaFormEditor::getInCache (186 bytes)
Event: 45.956 Thread 0x00000134d7e63000 nmethod 3932 0x00000134c2b03410 code [0x00000134c2b036a0, 0x00000134c2b045e8]
Event: 45.956 Thread 0x00000134d7e63000 3931       3       java.lang.invoke.LambdaFormEditor$Transform::<init> (28 bytes)
Event: 45.957 Thread 0x00000134d7e63000 nmethod 3931 0x00000134c2b04990 code [0x00000134c2b04b60, 0x00000134c2b04e48]

GC Heap History (20 events):
Event: 32.275 GC heap after
{Heap after GC invocations=30 (full 0):
 garbage-first heap   total 57344K, used 53140K [0x0000000080000000, 0x0000000100000000)
  region size 1024K, 1 young (1024K), 1 survivors (1024K)
 Metaspace       used 28503K, capacity 29422K, committed 29616K, reserved 1075200K
  class space    used 3759K, capacity 4065K, committed 4096K, reserved 1048576K
}
Event: 32.308 GC heap before
{Heap before GC invocations=30 (full 0):
 garbage-first heap   total 57344K, used 53140K [0x0000000080000000, 0x0000000100000000)
  region size 1024K, 2 young (2048K), 1 survivors (1024K)
 Metaspace       used 28698K, capacity 29614K, committed 29872K, reserved 1075200K
  class space    used 3760K, capacity 4065K, committed 4096K, reserved 1048576K
}
Event: 32.310 GC heap after
{Heap after GC invocations=31 (full 0):
 garbage-first heap   total 57344K, used 53513K [0x0000000080000000, 0x0000000100000000)
  region size 1024K, 1 young (1024K), 1 survivors (1024K)
 Metaspace       used 28698K, capacity 29614K, committed 29872K, reserved 1075200K
  class space    used 3760K, capacity 4065K, committed 4096K, reserved 1048576K
}
Event: 32.369 GC heap before
{Heap before GC invocations=32 (full 0):
 garbage-first heap   total 57344K, used 54537K [0x0000000080000000, 0x0000000100000000)
  region size 1024K, 2 young (2048K), 1 survivors (1024K)
 Metaspace       used 28818K, capacity 29713K, committed 30000K, reserved 1075200K
  class space    used 3781K, capacity 4098K, committed 4224K, reserved 1048576K
}
Event: 32.375 GC heap after
{Heap after GC invocations=33 (full 0):
 garbage-first heap   total 69632K, used 53159K [0x0000000080000000, 0x0000000100000000)
  region size 1024K, 1 young (1024K), 1 survivors (1024K)
 Metaspace       used 28818K, capacity 29713K, committed 30000K, reserved 1075200K
  class space    used 3781K, capacity 4098K, committed 4224K, reserved 1048576K
}
Event: 32.524 GC heap before
{Heap before GC invocations=33 (full 0):
 garbage-first heap   total 69632K, used 57255K [0x0000000080000000, 0x0000000100000000)
  region size 1024K, 6 young (6144K), 1 survivors (1024K)
 Metaspace       used 29116K, capacity 30033K, committed 30256K, reserved 1075200K
  class space    used 3828K, capacity 4162K, committed 4224K, reserved 1048576K
}
Event: 32.527 GC heap after
{Heap after GC invocations=34 (full 0):
 garbage-first heap   total 69632K, used 53306K [0x0000000080000000, 0x0000000100000000)
  region size 1024K, 1 young (1024K), 1 survivors (1024K)
 Metaspace       used 29116K, capacity 30033K, committed 30256K, reserved 1075200K
  class space    used 3828K, capacity 4162K, committed 4224K, reserved 1048576K
}
Event: 32.755 GC heap before
{Heap before GC invocations=35 (full 0):
 garbage-first heap   total 69632K, used 58426K [0x0000000080000000, 0x0000000100000000)
  region size 1024K, 6 young (6144K), 1 survivors (1024K)
 Metaspace       used 29444K, capacity 30330K, committed 30512K, reserved 1075200K
  class space    used 3883K, capacity 4197K, committed 4224K, reserved 1048576K
}
Event: 32.757 GC heap after
{Heap after GC invocations=36 (full 0):
 garbage-first heap   total 69632K, used 53388K [0x0000000080000000, 0x0000000100000000)
  region size 1024K, 1 young (1024K), 1 survivors (1024K)
 Metaspace       used 29444K, capacity 30330K, committed 30512K, reserved 1075200K
  class space    used 3883K, capacity 4197K, committed 4224K, reserved 1048576K
}
Event: 32.934 GC heap before
{Heap before GC invocations=36 (full 0):
 garbage-first heap   total 69632K, used 58508K [0x0000000080000000, 0x0000000100000000)
  region size 1024K, 6 young (6144K), 1 survivors (1024K)
 Metaspace       used 29829K, capacity 30764K, committed 30896K, reserved 1075200K
  class space    used 3952K, capacity 4279K, committed 4352K, reserved 1048576K
}
Event: 32.937 GC heap after
{Heap after GC invocations=37 (full 0):
 garbage-first heap   total 69632K, used 53576K [0x0000000080000000, 0x0000000100000000)
  region size 1024K, 1 young (1024K), 1 survivors (1024K)
 Metaspace       used 29829K, capacity 30764K, committed 30896K, reserved 1075200K
  class space    used 3952K, capacity 4279K, committed 4352K, reserved 1048576K
}
Event: 33.174 GC heap before
{Heap before GC invocations=38 (full 0):
 garbage-first heap   total 69632K, used 58696K [0x0000000080000000, 0x0000000100000000)
  region size 1024K, 6 young (6144K), 1 survivors (1024K)
 Metaspace       used 30454K, capacity 31323K, committed 31536K, reserved 1077248K
  class space    used 4045K, capacity 4380K, committed 4480K, reserved 1048576K
}
Event: 33.179 GC heap after
{Heap after GC invocations=39 (full 0):
 garbage-first heap   total 113664K, used 53835K [0x0000000080000000, 0x0000000100000000)
  region size 1024K, 1 young (1024K), 1 survivors (1024K)
 Metaspace       used 30454K, capacity 31323K, committed 31536K, reserved 1077248K
  class space    used 4045K, capacity 4380K, committed 4480K, reserved 1048576K
}
Event: 34.807 GC heap before
{Heap before GC invocations=39 (full 0):
 garbage-first heap   total 113664K, used 80459K [0x0000000080000000, 0x0000000100000000)
  region size 1024K, 27 young (27648K), 1 survivors (1024K)
 Metaspace       used 32974K, capacity 33926K, committed 33968K, reserved 1079296K
  class space    used 4440K, capacity 4822K, committed 4864K, reserved 1048576K
}
Event: 34.815 GC heap after
{Heap after GC invocations=40 (full 0):
 garbage-first heap   total 113664K, used 54536K [0x0000000080000000, 0x0000000100000000)
  region size 1024K, 2 young (2048K), 2 survivors (2048K)
 Metaspace       used 32974K, capacity 33926K, committed 33968K, reserved 1079296K
  class space    used 4440K, capacity 4822K, committed 4864K, reserved 1048576K
}
Event: 41.975 GC heap before
{Heap before GC invocations=41 (full 0):
 garbage-first heap   total 113664K, used 81160K [0x0000000080000000, 0x0000000100000000)
  region size 1024K, 29 young (29696K), 2 survivors (2048K)
 Metaspace       used 39887K, capacity 40995K, committed 41136K, reserved 1085440K
  class space    used 5151K, capacity 5581K, committed 5632K, reserved 1048576K
}
Event: 41.991 GC heap after
{Heap after GC invocations=42 (full 0):
 garbage-first heap   total 113664K, used 57868K [0x0000000080000000, 0x0000000100000000)
  region size 1024K, 4 young (4096K), 4 survivors (4096K)
 Metaspace       used 39887K, capacity 40995K, committed 41136K, reserved 1085440K
  class space    used 5151K, capacity 5581K, committed 5632K, reserved 1048576K
}
Event: 43.407 GC heap before
{Heap before GC invocations=42 (full 0):
 garbage-first heap   total 113664K, used 82444K [0x0000000080000000, 0x0000000100000000)
  region size 1024K, 29 young (29696K), 4 survivors (4096K)
 Metaspace       used 40425K, capacity 41561K, committed 41648K, reserved 1085440K
  class space    used 5194K, capacity 5616K, committed 5632K, reserved 1048576K
}
Event: 43.441 GC heap after
{Heap after GC invocations=43 (full 0):
 garbage-first heap   total 113664K, used 61428K [0x0000000080000000, 0x0000000100000000)
  region size 1024K, 4 young (4096K), 4 survivors (4096K)
 Metaspace       used 40425K, capacity 41561K, committed 41648K, reserved 1085440K
  class space    used 5194K, capacity 5616K, committed 5632K, reserved 1048576K
}
Event: 45.994 GC heap before
{Heap before GC invocations=44 (full 0):
 garbage-first heap   total 113664K, used 90100K [0x0000000080000000, 0x0000000100000000)
  region size 1024K, 29 young (29696K), 4 survivors (4096K)
 Metaspace       used 43096K, capacity 44222K, committed 44336K, reserved 1087488K
  class space    used 5496K, capacity 5925K, committed 6016K, reserved 1048576K
}

Deoptimization events (20 events):
Event: 44.044 Thread 0x00000134da27f000 Uncommon trap: trap_request=0xffffffde fr.pc=0x00000134c99f75ec relative=0x000000000000044c
Event: 44.044 Thread 0x00000134da27f000 Uncommon trap: reason=class_check action=maybe_recompile pc=0x00000134c99f75ec method=java.util.regex.Pattern$Start.match(Ljava/util/regex/Matcher;ILjava/lang/CharSequence;)Z @ 44 c2
Event: 44.044 Thread 0x00000134da27f000 DEOPT PACKING pc=0x00000134c99f75ec sp=0x000000080aef71b0
Event: 44.044 Thread 0x00000134da27f000 DEOPT UNPACKING pc=0x00000134c1d9a1af sp=0x000000080aef7078 mode 2
Event: 44.048 Thread 0x00000134da27f000 Uncommon trap: trap_request=0xffffffde fr.pc=0x00000134c99e03a8 relative=0x0000000000000428
Event: 44.048 Thread 0x00000134da27f000 Uncommon trap: reason=class_check action=maybe_recompile pc=0x00000134c99e03a8 method=java.util.regex.Pattern$Start.match(Ljava/util/regex/Matcher;ILjava/lang/CharSequence;)Z @ 44 c2
Event: 44.048 Thread 0x00000134da27f000 DEOPT PACKING pc=0x00000134c99e03a8 sp=0x000000080aef7140
Event: 44.048 Thread 0x00000134da27f000 DEOPT UNPACKING pc=0x00000134c1d9a1af sp=0x000000080aef7080 mode 2
Event: 44.856 Thread 0x00000134da8d7800 Uncommon trap: trap_request=0xffffffc6 fr.pc=0x00000134c99f97c0 relative=0x0000000000000620
Event: 44.856 Thread 0x00000134da8d7800 Uncommon trap: reason=bimorphic_or_optimized_type_check action=maybe_recompile pc=0x00000134c99f97c0 method=java.util.stream.Sink$ChainedReference.cancellationRequested()Z @ 4 c2
Event: 44.856 Thread 0x00000134da8d7800 DEOPT PACKING pc=0x00000134c99f97c0 sp=0x000000080a8fea70
Event: 44.856 Thread 0x00000134da8d7800 DEOPT UNPACKING pc=0x00000134c1d9a1af sp=0x000000080a8fe9b0 mode 2
Event: 45.292 Thread 0x00000134da27f000 Uncommon trap: trap_request=0xffffff4d fr.pc=0x00000134c998dc30 relative=0x0000000000000110
Event: 45.292 Thread 0x00000134da27f000 Uncommon trap: reason=unstable_if action=reinterpret pc=0x00000134c998dc30 method=java.util.Arrays.hashCode([Ljava/lang/Object;)I @ 34 c2
Event: 45.292 Thread 0x00000134da27f000 DEOPT PACKING pc=0x00000134c998dc30 sp=0x000000080aef7c30
Event: 45.292 Thread 0x00000134da27f000 DEOPT UNPACKING pc=0x00000134c1d9a1af sp=0x000000080aef7ba8 mode 2
Event: 45.862 Thread 0x00000134da8d7800 Uncommon trap: trap_request=0xffffffc6 fr.pc=0x00000134c99f97c0 relative=0x0000000000000620
Event: 45.862 Thread 0x00000134da8d7800 Uncommon trap: reason=bimorphic_or_optimized_type_check action=maybe_recompile pc=0x00000134c99f97c0 method=java.util.stream.Sink$ChainedReference.cancellationRequested()Z @ 4 c2
Event: 45.862 Thread 0x00000134da8d7800 DEOPT PACKING pc=0x00000134c99f97c0 sp=0x000000080a8fea70
Event: 45.862 Thread 0x00000134da8d7800 DEOPT UNPACKING pc=0x00000134c1d9a1af sp=0x000000080a8fe9b0 mode 2

Classes redefined (0 events):
No events

Internal exceptions (20 events):
Event: 43.200 Thread 0x00000134da27f000 Exception <a 'java/lang/ClassNotFoundException'{0x000000008585b370}: org/gradle/api/internal/project/AbstractPluginAwareBeanInfo> (0x000000008585b370) thrown at [src/hotspot/share/classfile/systemDictionary.cpp, line 230]
Event: 43.201 Thread 0x00000134da27f000 Exception <a 'java/lang/ClassNotFoundException'{0x00000000858843a0}: org/gradle/api/internal/project/AbstractPluginAwareCustomizer> (0x00000000858843a0) thrown at [src/hotspot/share/classfile/systemDictionary.cpp, line 230]
Event: 43.205 Thread 0x00000134da27f000 Exception <a 'java/lang/ClassNotFoundException'{0x00000000858af030}: org/gradle/invocation/DefaultGradleCustomizer> (0x00000000858af030) thrown at [src/hotspot/share/classfile/systemDictionary.cpp, line 230]
Event: 43.208 Thread 0x00000134da27f000 Exception <a 'java/lang/ClassNotFoundException'{0x0000000085707d20}: org/gradle/invocation/DefaultGradle_DecoratedCustomizer> (0x0000000085707d20) thrown at [src/hotspot/share/classfile/systemDictionary.cpp, line 230]
Event: 44.000 Thread 0x00000134da27f000 Exception <a 'java/lang/ClassNotFoundException'{0x0000000086de1b38}: groovy/lang/Closure$1BeanInfo> (0x0000000086de1b38) thrown at [src/hotspot/share/classfile/systemDictionary.cpp, line 230]
Event: 44.009 Thread 0x00000134da27f000 Exception <a 'java/lang/ClassNotFoundException'{0x0000000086c16c60}: groovy/lang/ClosureBeanInfo> (0x0000000086c16c60) thrown at [src/hotspot/share/classfile/systemDictionary.cpp, line 230]
Event: 44.023 Thread 0x00000134da27f000 Exception <a 'java/lang/ClassNotFoundException'{0x0000000086c4b9e8}: groovy/lang/ClosureCustomizer> (0x0000000086c4b9e8) thrown at [src/hotspot/share/classfile/systemDictionary.cpp, line 230]
Event: 44.053 Thread 0x00000134da27f000 Exception <a 'java/lang/ClassNotFoundException'{0x0000000086ca22a0}: groovy/lang/Closure$1Customizer> (0x0000000086ca22a0) thrown at [src/hotspot/share/classfile/systemDictionary.cpp, line 230]
Event: 44.758 Thread 0x00000134da27f000 Exception <a 'java/lang/ClassNotFoundException'{0x0000000086a38500}: sync_studio_tooling1_4dpds71ew01eh1h19pg4x4novBeanInfo> (0x0000000086a38500) thrown at [src/hotspot/share/classfile/systemDictionary.cpp, line 230]
Event: 44.765 Thread 0x00000134da27f000 Exception <a 'java/lang/ClassNotFoundException'{0x0000000086a458b0}: sync_studio_tooling1_4dpds71ew01eh1h19pg4x4novCustomizer> (0x0000000086a458b0) thrown at [src/hotspot/share/classfile/systemDictionary.cpp, line 230]
Event: 44.779 Thread 0x00000134da27f000 Exception <a 'java/lang/ClassNotFoundException'{0x0000000086ac19f8}: org/gradle/internal/metaobject/ConfigureDelegateBeanInfo> (0x0000000086ac19f8) thrown at [src/hotspot/share/classfile/systemDictionary.cpp, line 230]
Event: 44.780 Thread 0x00000134da27f000 Exception <a 'java/lang/ClassNotFoundException'{0x0000000086ae95c8}: org/gradle/internal/metaobject/ConfigureDelegateCustomizer> (0x0000000086ae95c8) thrown at [src/hotspot/share/classfile/systemDictionary.cpp, line 230]
Event: 44.807 Thread 0x00000134da27f000 Exception <a 'java/lang/ClassNotFoundException'{0x0000000086977310}: org/gradle/api/internal/initialization/DefaultScriptHandlerBeanInfo> (0x0000000086977310) thrown at [src/hotspot/share/classfile/systemDictionary.cpp, line 230]
Event: 44.809 Thread 0x00000134da27f000 Exception <a 'java/lang/ClassNotFoundException'{0x00000000869a25e0}: org/gradle/api/internal/initialization/DefaultScriptHandlerCustomizer> (0x00000000869a25e0) thrown at [src/hotspot/share/classfile/systemDictionary.cpp, line 230]
Event: 45.292 Thread 0x00000134da27f000 Implicit null exception at 0x00000134c998db6c to 0x00000134c998dc14
Event: 45.305 Thread 0x00000134da27f000 Exception <a 'java/lang/ClassNotFoundException'{0x00000000860e90a0}: org/gradle/api/internal/artifacts/dsl/dependencies/DefaultDependencyHandler_DecoratedBeanInfo> (0x00000000860e90a0) thrown at [src/hotspot/share/classfile/systemDictionary.cpp, line 230]
Event: 45.307 Thread 0x00000134da27f000 Exception <a 'java/lang/ClassNotFoundException'{0x0000000085f29fb0}: org/gradle/api/internal/artifacts/dsl/dependencies/DefaultDependencyHandlerBeanInfo> (0x0000000085f29fb0) thrown at [src/hotspot/share/classfile/systemDictionary.cpp, line 230]
Event: 45.366 Thread 0x00000134da27f000 Exception <a 'java/lang/ClassNotFoundException'{0x0000000085f6a418}: org/gradle/api/internal/artifacts/dsl/dependencies/DefaultDependencyHandlerCustomizer> (0x0000000085f6a418) thrown at [src/hotspot/share/classfile/systemDictionary.cpp, line 230]
Event: 45.391 Thread 0x00000134da27f000 Exception <a 'java/lang/ClassNotFoundException'{0x0000000085fd5610}: org/gradle/api/internal/artifacts/dsl/dependencies/DefaultDependencyHandler_DecoratedCustomizer> (0x0000000085fd5610) thrown at [src/hotspot/share/classfile/systemDictionary.cpp, line 230]
Event: 45.833 Thread 0x00000134da27f000 Exception <a 'java/lang/NoSuchMethodError'{0x0000000085a5a318}: 'java.lang.Object java.lang.invoke.DirectMethodHandle$Holder.invokeStatic(java.lang.Object, int, java.lang.Object)'> (0x0000000085a5a318) thrown at [src/hotspot/share/interpreter/linkResolver.cpp, line 773]

Events (20 events):
Event: 45.955 loading class org/gradle/api/internal/artifacts/ivyservice/resolveengine/graph/builder/DependencyGraphBuilder done
Event: 45.973 loading class org/gradle/internal/resolve/result/BuildableComponentResolveResult
Event: 45.973 loading class org/gradle/internal/resolve/result/BuildableComponentResolveResult done
Event: 45.977 loading class org/gradle/internal/resolve/result/ComponentResolveResult
Event: 45.977 loading class org/gradle/internal/resolve/result/ComponentResolveResult done
Event: 45.983 loading class org/gradle/internal/resolve/result/ResolveResult
Event: 45.983 loading class org/gradle/internal/resolve/result/ResolveResult done
Event: 45.983 loading class org/gradle/internal/resolve/result/ResourceAwareResolveResult
Event: 45.983 loading class org/gradle/internal/resolve/result/ResourceAwareResolveResult done
Event: 45.985 loading class org/gradle/api/internal/artifacts/ivyservice/resolveengine/graph/builder/NodeState
Event: 45.985 loading class org/gradle/api/internal/artifacts/ivyservice/resolveengine/graph/builder/NodeState done
Event: 45.991 loading class org/gradle/api/internal/artifacts/ivyservice/resolveengine/graph/builder/RootNode
Event: 45.991 loading class org/gradle/api/internal/artifacts/ivyservice/resolveengine/graph/builder/RootNode done
Event: 45.992 loading class org/gradle/api/internal/artifacts/ivyservice/resolveengine/graph/RootGraphNode
Event: 45.992 loading class org/gradle/api/internal/artifacts/ivyservice/resolveengine/graph/RootGraphNode done
Event: 45.993 loading class org/gradle/internal/component/IncompatibleVariantsSelectionException
Event: 45.993 loading class org/gradle/internal/component/IncompatibleVariantsSelectionException done
Event: 45.994 loading class org/gradle/internal/component/VariantSelectionException
Event: 45.994 loading class org/gradle/internal/component/VariantSelectionException done
Event: 45.994 Executing VM operation: G1CollectForAllocation


Dynamic libraries:
0x00007ff786ee0000 - 0x00007ff786eea000 	D:\AndroidStudio\jbr\bin\java.exe
0x00007ffb11b80000 - 0x00007ffb11d89000 	C:\Windows\SYSTEM32\ntdll.dll
0x00007ffb0fb50000 - 0x00007ffb0fc0e000 	C:\Windows\System32\KERNEL32.DLL
0x00007ffb0f650000 - 0x00007ffb0f9cc000 	C:\Windows\System32\KERNELBASE.dll
0x00007ffb0f530000 - 0x00007ffb0f641000 	C:\Windows\System32\ucrtbase.dll
0x00007ffb01720000 - 0x00007ffb01737000 	D:\AndroidStudio\jbr\bin\jli.dll
0x00007ffafdf90000 - 0x00007ffafdfab000 	D:\AndroidStudio\jbr\bin\VCRUNTIME140.dll
0x00007ffb10d30000 - 0x00007ffb10edd000 	C:\Windows\System32\USER32.dll
0x00007ffb0f9d0000 - 0x00007ffb0f9f6000 	C:\Windows\System32\win32u.dll
0x00007ffb0fe20000 - 0x00007ffb0fe49000 	C:\Windows\System32\GDI32.dll
0x00007ffb0f320000 - 0x00007ffb0f438000 	C:\Windows\System32\gdi32full.dll
0x00007ffb0f280000 - 0x00007ffb0f31d000 	C:\Windows\System32\msvcp_win.dll
0x00007ffb02760000 - 0x00007ffb02a05000 	C:\Windows\WinSxS\amd64_microsoft.windows.common-controls_6595b64144ccf1df_6.0.22000.120_none_9d947278b86cc467\COMCTL32.dll
0x00007ffb0faa0000 - 0x00007ffb0fb43000 	C:\Windows\System32\msvcrt.dll
0x00007ffb0fc10000 - 0x00007ffb0fc41000 	C:\Windows\System32\IMM32.DLL
0x00007ffb00d60000 - 0x00007ffb00d6c000 	D:\AndroidStudio\jbr\bin\vcruntime140_1.dll
0x00007ffafb630000 - 0x00007ffafb6bd000 	D:\AndroidStudio\jbr\bin\msvcp140.dll
0x00007ffafbff0000 - 0x00007ffafcbac000 	D:\AndroidStudio\jbr\bin\server\jvm.dll
0x00007ffb109c0000 - 0x00007ffb10a6e000 	C:\Windows\System32\ADVAPI32.dll
0x00007ffb0fa00000 - 0x00007ffb0fa9e000 	C:\Windows\System32\sechost.dll
0x00007ffb11020000 - 0x00007ffb11140000 	C:\Windows\System32\RPCRT4.dll
0x00007ffb0fe50000 - 0x00007ffb0fe58000 	C:\Windows\System32\PSAPI.DLL
0x00007ffb01e20000 - 0x00007ffb01e29000 	C:\Windows\SYSTEM32\WSOCK32.dll
0x00007ffb0fcd0000 - 0x00007ffb0fd3f000 	C:\Windows\System32\WS2_32.dll
0x00007ffb08110000 - 0x00007ffb08143000 	C:\Windows\SYSTEM32\WINMM.dll
0x00007ffb06ce0000 - 0x00007ffb06cea000 	C:\Windows\SYSTEM32\VERSION.dll
0x00007ffb0e0d0000 - 0x00007ffb0e0e8000 	C:\Windows\SYSTEM32\kernel.appcore.dll
0x00007ffb01cf0000 - 0x00007ffb01d00000 	D:\AndroidStudio\jbr\bin\verify.dll
0x00007ffafa560000 - 0x00007ffafa781000 	C:\Windows\SYSTEM32\DBGHELP.DLL
0x00007ffafa4b0000 - 0x00007ffafa4e1000 	C:\Windows\SYSTEM32\dbgcore.DLL
0x00007ffb0f4b0000 - 0x00007ffb0f52f000 	C:\Windows\System32\bcryptPrimitives.dll
0x00007ffb01800000 - 0x00007ffb01828000 	D:\AndroidStudio\jbr\bin\java.dll
0x00007ffb017f0000 - 0x00007ffb017fa000 	D:\AndroidStudio\jbr\bin\jimage.dll
0x00007ffb017d0000 - 0x00007ffb017e8000 	D:\AndroidStudio\jbr\bin\zip.dll
0x00007ffb0fe60000 - 0x00007ffb10625000 	C:\Windows\System32\SHELL32.dll
0x00007ffb0d140000 - 0x00007ffb0d9a5000 	C:\Windows\SYSTEM32\windows.storage.dll
0x00007ffb10630000 - 0x00007ffb109a6000 	C:\Windows\System32\combase.dll
0x00007ffb0cfd0000 - 0x00007ffb0d136000 	C:\Windows\SYSTEM32\wintypes.dll
0x00007ffb117c0000 - 0x00007ffb118aa000 	C:\Windows\System32\SHCORE.dll
0x00007ffb116b0000 - 0x00007ffb1170d000 	C:\Windows\System32\shlwapi.dll
0x00007ffb0ef80000 - 0x00007ffb0efa1000 	C:\Windows\SYSTEM32\profapi.dll
0x00007ffb017b0000 - 0x00007ffb017c9000 	D:\AndroidStudio\jbr\bin\net.dll
0x00007ffb08b50000 - 0x00007ffb08c62000 	C:\Windows\SYSTEM32\WINHTTP.dll
0x00007ffb0e570000 - 0x00007ffb0e5d7000 	C:\Windows\system32\mswsock.dll
0x00007ffb01790000 - 0x00007ffb017a3000 	D:\AndroidStudio\jbr\bin\nio.dll
0x00007ffafd5d0000 - 0x00007ffafd5f7000 	C:\Users\dfurs\.gradle\native\e1d6ef7f7dcc3fd88c89a11ec53ec762bb8ba0a96d01ffa2cd45eb1d1d8dd5c5\windows-amd64\native-platform.dll
0x00007ffafb4e0000 - 0x00007ffafb624000 	C:\Users\dfurs\.gradle\native\0d407fdbe67a94daf76414ababcb853783967236a71b16ec16e742cd7a986fd3\windows-amd64\native-platform-file-events.dll
0x00007ffb01780000 - 0x00007ffb0178a000 	D:\AndroidStudio\jbr\bin\management.dll
0x00007ffb01770000 - 0x00007ffb0177b000 	D:\AndroidStudio\jbr\bin\management_ext.dll
0x00007ffb0e7b0000 - 0x00007ffb0e7c8000 	C:\Windows\SYSTEM32\CRYPTSP.dll
0x00007ffb0e030000 - 0x00007ffb0e065000 	C:\Windows\system32\rsaenh.dll
0x00007ffb0e660000 - 0x00007ffb0e689000 	C:\Windows\SYSTEM32\USERENV.dll
0x00007ffb0e940000 - 0x00007ffb0e967000 	C:\Windows\SYSTEM32\bcrypt.dll
0x00007ffb0e7d0000 - 0x00007ffb0e7dc000 	C:\Windows\SYSTEM32\CRYPTBASE.dll
0x00007ffb0dc00000 - 0x00007ffb0dc2d000 	C:\Windows\SYSTEM32\IPHLPAPI.DLL
0x00007ffb10ad0000 - 0x00007ffb10ad9000 	C:\Windows\System32\NSI.dll
0x00007ffb08170000 - 0x00007ffb08189000 	C:\Windows\SYSTEM32\dhcpcsvc6.DLL
0x00007ffb08190000 - 0x00007ffb081ae000 	C:\Windows\SYSTEM32\dhcpcsvc.DLL
0x00007ffb0dc30000 - 0x00007ffb0dd18000 	C:\Windows\SYSTEM32\DNSAPI.dll

dbghelp: loaded successfully - version: 4.0.5 - missing functions: none
symbol engine: initialized successfully - sym options: 0x614 - pdb path: .;D:\AndroidStudio\jbr\bin;C:\Windows\SYSTEM32;C:\Windows\WinSxS\amd64_microsoft.windows.common-controls_6595b64144ccf1df_6.0.22000.120_none_9d947278b86cc467;D:\AndroidStudio\jbr\bin\server;C:\Users\dfurs\.gradle\native\e1d6ef7f7dcc3fd88c89a11ec53ec762bb8ba0a96d01ffa2cd45eb1d1d8dd5c5\windows-amd64;C:\Users\dfurs\.gradle\native\0d407fdbe67a94daf76414ababcb853783967236a71b16ec16e742cd7a986fd3\windows-amd64

VM Arguments:
jvm_args: --add-opens=java.base/java.util=ALL-UNNAMED --add-opens=java.base/java.lang=ALL-UNNAMED --add-opens=java.base/java.lang.invoke=ALL-UNNAMED --add-opens=java.base/java.util=ALL-UNNAMED --add-opens=java.prefs/java.util.prefs=ALL-UNNAMED --add-opens=java.prefs/java.util.prefs=ALL-UNNAMED --add-opens=java.base/java.nio.charset=ALL-UNNAMED --add-opens=java.base/java.net=ALL-UNNAMED --add-opens=java.base/java.util.concurrent.atomic=ALL-UNNAMED -Xmx2048m -Dfile.encoding=UTF-8 -Duser.country=RU -Duser.language=ru -Duser.variant 
java_command: org.gradle.launcher.daemon.bootstrap.GradleDaemon 7.5
java_class_path (initial): C:\Users\dfurs\.gradle\wrapper\dists\gradle-7.5-bin\f1w0cc9nuo0eivz97x2xlu9sv\gradle-7.5\lib\gradle-launcher-7.5.jar
Launcher Type: SUN_STANDARD

[Global flags]
     intx CICompilerCount                          = 3                                         {product} {ergonomic}
     uint ConcGCThreads                            = 1                                         {product} {ergonomic}
     uint G1ConcRefinementThreads                  = 4                                         {product} {ergonomic}
   size_t G1HeapRegionSize                         = 1048576                                   {product} {ergonomic}
    uintx GCDrainStackTargetSize                   = 64                                        {product} {ergonomic}
   size_t InitialHeapSize                          = 58720256                                  {product} {ergonomic}
   size_t MarkStackSize                            = 4194304                                   {product} {ergonomic}
   size_t MaxHeapSize                              = 2147483648                                {product} {command line}
   size_t MaxNewSize                               = 1287651328                                {product} {ergonomic}
   size_t MinHeapDeltaBytes                        = 1048576                                   {product} {ergonomic}
    uintx NonNMethodCodeHeapSize                   = 5830732                                {pd product} {ergonomic}
    uintx NonProfiledCodeHeapSize                  = 122913754                              {pd product} {ergonomic}
    uintx ProfiledCodeHeapSize                     = 122913754                              {pd product} {ergonomic}
    uintx ReservedCodeCacheSize                    = 251658240                              {pd product} {ergonomic}
     bool SegmentedCodeCache                       = true                                      {product} {ergonomic}
     bool UseCompressedClassPointers               = true                                 {lp64_product} {ergonomic}
     bool UseCompressedOops                        = true                                 {lp64_product} {ergonomic}
     bool UseG1GC                                  = true                                      {product} {ergonomic}
     bool UseLargePagesIndividualAllocation        = false                                  {pd product} {ergonomic}

Logging:
Log output configuration:
 #0: stdout all=warning uptime,level,tags
 #1: stderr all=off uptime,level,tags

Environment Variables:
JAVA_HOME=C:\Program Files\Java\jdk-18.0.2.1
PATH=C:\PROGRA~2\Borland\CBUILD~1\Bin;C:\PROGRA~2\Borland\CBUILD~1\Projects\Bpl;C:\Python310\Scripts\;C:\Python310\;C:\Program Files\Java\jdk-18.0.2.1\bin;C:\ProgramData\Oracle\Java\javapath;C:\Program Files\Common Files\Oracle\Java\javapath;C:\Windows\System32;C:\Windows;C:\Windows\System32\Wbem;C:\Windows\System32\WindowsPowerShell\v1.0\;C:\Windows\System32\OpenSSH\;C:\Program Files\Microsoft SQL Server\150\Tools\Binn\;C:\Program Files\Microsoft SQL Server\Client SDK\ODBC\170\Tools\Binn\;D:\node.js;D:\node.js\;C:\ProgramData\chocolatey\bin;C:\Program Files (x86)\dotnet\;C:\Program Files\CodeBlocks\MinGW\bin;C:\Program Files\Git\cmd;C:\Program Files\Git\mingw64\bin;C:\Program Files\Git\usr\bin;C:\maven\bin;C:\Program Files\dotnet\;C:\Users\dfurs\AppData\Local\Programs\Python\Python311\Scripts\;C:\Users\dfurs\AppData\Local\Programs\Python\Python311\;C:\Users\dfurs\AppData\Local\Microsoft\WindowsApps;D:\\VSCode\Microsoft VS Code\bin;C:\Users\dfurs\AppData\Roaming\npm;C:\Users\dfurs\AppData\Local\Programs\Python\Python311;C:\Users\dfurs\AppData\Local\Programs\Python\Python311\Scripts;C:\Users\dfurs\.dotnet\tools;C:\Users\dfurs\AppData\Local\Android\Sdk\platform-tools;
USERNAME=dfurs
OS=Windows_NT
PROCESSOR_IDENTIFIER=AMD64 Family 23 Model 24 Stepping 1, AuthenticAMD



---------------  S Y S T E M  ---------------

OS: Windows 11 , 64 bit Build 22000 (10.0.22000.1516)
OS uptime: 0 days 2:02 hours

CPU:total 4 (initial active 4) (4 cores per cpu, 2 threads per core) family 23 model 24 stepping 1 microcode 0x0, cmov, cx8, fxsr, mmx, sse, sse2, sse3, ssse3, sse4.1, sse4.2, popcnt, avx, avx2, aes, clmul, mmxext, 3dnowpref, lzcnt, sse4a, ht, tsc, tscinvbit, tscinv, bmi1, bmi2, adx, sha, fma

Memory: 4k page, system-wide physical 3459M (285M free)
TotalPageFile size 7716M (AvailPageFile size 12M)
current process WorkingSet (physical memory assigned to process): 154M, peak: 176M
current process commit charge ("private bytes"): 277M, peak: 307M

vm_info: OpenJDK 64-Bit Server VM (11.0.15+0-b2043.56-9505619) for windows-amd64 JRE (11.0.15+0-b2043.56-9505619), built on Jan 19 2023 02:48:00 by "builduser" with unknown MS VC++:1929

END.
